2025-07-29 15:05:38,755 - INFO - Starting RSS ingestion...
2025-07-29 15:05:38,755 - INFO - Sending request to https://www.prnewswire.com/rss/heavy-industry-manufacturing-latest-news/heavy-industry-manufacturing-latest-news-list.rss
2025-07-29 15:05:39,344 - INFO - Received response with status code 200 for https://www.prnewswire.com/rss/heavy-industry-manufacturing-latest-news/heavy-industry-manufacturing-latest-news-list.rss
2025-07-29 15:05:39,353 - ERROR - Error processing prnews_manufacturing: argument of type 'function' is not iterable
2025-07-29 15:05:39,353 - INFO - Sending request to https://manufacturing.economictimes.indiatimes.com/rss/industry
2025-07-29 15:05:39,824 - INFO - Received response with status code 200 for https://manufacturing.economictimes.indiatimes.com/rss/industry
2025-07-29 15:05:39,834 - ERROR - Error processing economictimes_industry: argument of type 'function' is not iterable
2025-07-29 15:05:39,834 - INFO - RSS ingestion completed.
2025-07-29 15:10:02,908 - INFO - Starting RSS ingestion...
2025-07-29 15:10:02,908 - INFO - Sending request to https://www.prnewswire.com/rss/heavy-industry-manufacturing-latest-news/heavy-industry-manufacturing-latest-news-list.rss
2025-07-29 15:10:04,011 - INFO - Received response with status code 200 for https://www.prnewswire.com/rss/heavy-industry-manufacturing-latest-news/heavy-industry-manufacturing-latest-news-list.rss
2025-07-29 15:10:04,022 - ERROR - Error processing prnews_manufacturing: 'function' object has no attribute 'get'
2025-07-29 15:10:04,022 - INFO - Sending request to https://manufacturing.economictimes.indiatimes.com/rss/industry
2025-07-29 15:10:04,240 - INFO - Received response with status code 200 for https://manufacturing.economictimes.indiatimes.com/rss/industry
2025-07-29 15:10:04,253 - ERROR - Error processing economictimes_industry: 'function' object has no attribute 'get'
2025-07-29 15:10:04,253 - INFO - RSS ingestion completed.
2025-07-29 15:15:26,000 - INFO - Starting RSS ingestion...
2025-07-29 15:15:26,000 - INFO - Sending request to https://www.prnewswire.com/rss/heavy-industry-manufacturing-latest-news/heavy-industry-manufacturing-latest-news-list.rss
2025-07-29 15:15:26,573 - INFO - Received response with status code 200 for https://www.prnewswire.com/rss/heavy-industry-manufacturing-latest-news/heavy-industry-manufacturing-latest-news-list.rss
2025-07-29 15:15:26,579 - ERROR - Error processing prnews_manufacturing: 'function' object has no attribute 'get'
2025-07-29 15:15:26,579 - INFO - Sending request to https://manufacturing.economictimes.indiatimes.com/rss/industry
2025-07-29 15:15:26,636 - INFO - Received response with status code 200 for https://manufacturing.economictimes.indiatimes.com/rss/industry
2025-07-29 15:15:26,639 - ERROR - Error processing economictimes_industry: 'function' object has no attribute 'get'
2025-07-29 15:15:26,639 - INFO - RSS ingestion completed.
2025-07-29 15:15:29,071 - INFO - Starting enhanced news scraping with data folder organization...
2025-07-29 15:15:29,072 - INFO - Loaded 10 URLs to process
2025-07-29 15:15:29,072 - INFO - 🔍 Scraping: https://www.livemint.com/industry/infrastructure/india-warehousing-private-equity-investment-returns-grade-a-warehouses-invit-real-estate-logistics-e-commerce-exits-ipos-11749358741608.html
2025-07-29 15:15:36,416 - WARNING - Retry 1/3 failed for https://www.livemint.com/industry/infrastructure/india-warehousing-private-equity-investment-returns-grade-a-warehouses-invit-real-estate-logistics-e-commerce-exits-ipos-11749358741608.html: BrowserType.launch: Executable doesn't exist at C:\Users\aakas\AppData\Local\ms-playwright\chromium_headless_shell-1181\chrome-win\headless_shell.exe
╔════════════════════════════════════════════════════════════╗
║ Looks like Playwright was just installed or updated.       ║
║ Please run the following command to download new browsers: ║
║                                                            ║
║     playwright install                                     ║
║                                                            ║
║ <3 Playwright Team                                         ║
╚════════════════════════════════════════════════════════════╝
2025-07-29 15:15:38,723 - WARNING - Retry 2/3 failed for https://www.livemint.com/industry/infrastructure/india-warehousing-private-equity-investment-returns-grade-a-warehouses-invit-real-estate-logistics-e-commerce-exits-ipos-11749358741608.html: BrowserType.launch: Executable doesn't exist at C:\Users\aakas\AppData\Local\ms-playwright\chromium_headless_shell-1181\chrome-win\headless_shell.exe
╔════════════════════════════════════════════════════════════╗
║ Looks like Playwright was just installed or updated.       ║
║ Please run the following command to download new browsers: ║
║                                                            ║
║     playwright install                                     ║
║                                                            ║
║ <3 Playwright Team                                         ║
╚════════════════════════════════════════════════════════════╝
2025-07-29 15:15:41,035 - WARNING - Retry 3/3 failed for https://www.livemint.com/industry/infrastructure/india-warehousing-private-equity-investment-returns-grade-a-warehouses-invit-real-estate-logistics-e-commerce-exits-ipos-11749358741608.html: BrowserType.launch: Executable doesn't exist at C:\Users\aakas\AppData\Local\ms-playwright\chromium_headless_shell-1181\chrome-win\headless_shell.exe
╔════════════════════════════════════════════════════════════╗
║ Looks like Playwright was just installed or updated.       ║
║ Please run the following command to download new browsers: ║
║                                                            ║
║     playwright install                                     ║
║                                                            ║
║ <3 Playwright Team                                         ║
╚════════════════════════════════════════════════════════════╝
2025-07-29 15:15:43,037 - WARNING - ✗ Page fetch failed.
2025-07-29 15:15:44,899 - INFO - 🔍 Scraping: https://manufacturing.economictimes.indiatimes.com/news/industry/indias-warehousing-and-logistics-sector-witnesses-203-investment-surge-in-2024/119244891
2025-07-29 15:15:45,209 - WARNING - Retry 1/3 failed for https://manufacturing.economictimes.indiatimes.com/news/industry/indias-warehousing-and-logistics-sector-witnesses-203-investment-surge-in-2024/119244891: BrowserType.launch: Executable doesn't exist at C:\Users\aakas\AppData\Local\ms-playwright\chromium_headless_shell-1181\chrome-win\headless_shell.exe
╔════════════════════════════════════════════════════════════╗
║ Looks like Playwright was just installed or updated.       ║
║ Please run the following command to download new browsers: ║
║                                                            ║
║     playwright install                                     ║
║                                                            ║
║ <3 Playwright Team                                         ║
╚════════════════════════════════════════════════════════════╝
2025-07-29 15:15:47,522 - WARNING - Retry 2/3 failed for https://manufacturing.economictimes.indiatimes.com/news/industry/indias-warehousing-and-logistics-sector-witnesses-203-investment-surge-in-2024/119244891: BrowserType.launch: Executable doesn't exist at C:\Users\aakas\AppData\Local\ms-playwright\chromium_headless_shell-1181\chrome-win\headless_shell.exe
╔════════════════════════════════════════════════════════════╗
║ Looks like Playwright was just installed or updated.       ║
║ Please run the following command to download new browsers: ║
║                                                            ║
║     playwright install                                     ║
║                                                            ║
║ <3 Playwright Team                                         ║
╚════════════════════════════════════════════════════════════╝
2025-07-29 15:15:49,831 - WARNING - Retry 3/3 failed for https://manufacturing.economictimes.indiatimes.com/news/industry/indias-warehousing-and-logistics-sector-witnesses-203-investment-surge-in-2024/119244891: BrowserType.launch: Executable doesn't exist at C:\Users\aakas\AppData\Local\ms-playwright\chromium_headless_shell-1181\chrome-win\headless_shell.exe
╔════════════════════════════════════════════════════════════╗
║ Looks like Playwright was just installed or updated.       ║
║ Please run the following command to download new browsers: ║
║                                                            ║
║     playwright install                                     ║
║                                                            ║
║ <3 Playwright Team                                         ║
╚════════════════════════════════════════════════════════════╝
2025-07-29 15:15:51,832 - WARNING - ✗ Page fetch failed.
2025-07-29 15:15:54,494 - INFO - 🔍 Scraping: https://economictimes.indiatimes.com/industry/services/property-/-cstruction/indias-warehousing-sector-goes-green-as-mncs-demand-sustainable-logistics-spaces/articleshow/122591877.cms
2025-07-29 15:15:54,802 - WARNING - Retry 1/3 failed for https://economictimes.indiatimes.com/industry/services/property-/-cstruction/indias-warehousing-sector-goes-green-as-mncs-demand-sustainable-logistics-spaces/articleshow/122591877.cms: BrowserType.launch: Executable doesn't exist at C:\Users\aakas\AppData\Local\ms-playwright\chromium_headless_shell-1181\chrome-win\headless_shell.exe
╔════════════════════════════════════════════════════════════╗
║ Looks like Playwright was just installed or updated.       ║
║ Please run the following command to download new browsers: ║
║                                                            ║
║     playwright install                                     ║
║                                                            ║
║ <3 Playwright Team                                         ║
╚════════════════════════════════════════════════════════════╝
2025-07-29 15:15:57,113 - WARNING - Retry 2/3 failed for https://economictimes.indiatimes.com/industry/services/property-/-cstruction/indias-warehousing-sector-goes-green-as-mncs-demand-sustainable-logistics-spaces/articleshow/122591877.cms: BrowserType.launch: Executable doesn't exist at C:\Users\aakas\AppData\Local\ms-playwright\chromium_headless_shell-1181\chrome-win\headless_shell.exe
╔════════════════════════════════════════════════════════════╗
║ Looks like Playwright was just installed or updated.       ║
║ Please run the following command to download new browsers: ║
║                                                            ║
║     playwright install                                     ║
║                                                            ║
║ <3 Playwright Team                                         ║
╚════════════════════════════════════════════════════════════╝
2025-07-29 15:15:59,425 - WARNING - Retry 3/3 failed for https://economictimes.indiatimes.com/industry/services/property-/-cstruction/indias-warehousing-sector-goes-green-as-mncs-demand-sustainable-logistics-spaces/articleshow/122591877.cms: BrowserType.launch: Executable doesn't exist at C:\Users\aakas\AppData\Local\ms-playwright\chromium_headless_shell-1181\chrome-win\headless_shell.exe
╔════════════════════════════════════════════════════════════╗
║ Looks like Playwright was just installed or updated.       ║
║ Please run the following command to download new browsers: ║
║                                                            ║
║     playwright install                                     ║
║                                                            ║
║ <3 Playwright Team                                         ║
╚════════════════════════════════════════════════════════════╝
2025-07-29 15:32:41,301 - INFO - Starting enhanced news scraping with data folder organization...
2025-07-29 15:32:41,302 - INFO - Loaded 10 URLs to process
2025-07-29 15:32:41,302 - INFO - 🔍 Scraping: https://www.livemint.com/industry/infrastructure/india-warehousing-private-equity-investment-returns-grade-a-warehouses-invit-real-estate-logistics-e-commerce-exits-ipos-11749358741608.html
2025-07-29 15:32:46,056 - ERROR - Future exception was never retrieved
future: <Future finished exception=TargetClosedError('Target page, context or browser has been closed')>
playwright._impl._errors.TargetClosedError: Target page, context or browser has been closed
2025-07-29 15:40:00,634 - INFO - Starting enhanced news scraping with data folder organization...
2025-07-29 15:40:00,635 - INFO - Loaded 10 URLs to process
2025-07-29 15:40:00,635 - INFO - 🔍 Scraping: https://www.livemint.com/industry/infrastructure/india-warehousing-private-equity-investment-returns-grade-a-warehouses-invit-real-estate-logistics-e-commerce-exits-ipos-11749358741608.html
2025-07-29 15:40:08,909 - INFO - ✅ Scraped (full): India’s warehouse sector may be slowing gears—but  (1268 words)
2025-07-29 15:40:10,230 - INFO - 🔍 Scraping: https://manufacturing.economictimes.indiatimes.com/news/industry/indias-warehousing-and-logistics-sector-witnesses-203-investment-surge-in-2024/119244891
2025-07-29 15:40:16,751 - ERROR - ❌ No valid content found after all attempts.
2025-07-29 15:40:18,905 - INFO - 🔍 Scraping: https://economictimes.indiatimes.com/industry/services/property-/-cstruction/indias-warehousing-sector-goes-green-as-mncs-demand-sustainable-logistics-spaces/articleshow/122591877.cms
2025-07-29 15:40:49,406 - WARNING - Retry 1/3 failed for https://economictimes.indiatimes.com/industry/services/property-/-cstruction/indias-warehousing-sector-goes-green-as-mncs-demand-sustainable-logistics-spaces/articleshow/122591877.cms: Page.goto: Timeout 30000ms exceeded.
Call log:
  - navigating to "https://economictimes.indiatimes.com/industry/services/property-/-cstruction/indias-warehousing-sector-goes-green-as-mncs-demand-sustainable-logistics-spaces/articleshow/122591877.cms", waiting until "load"

2025-07-29 15:41:21,908 - WARNING - Retry 2/3 failed for https://economictimes.indiatimes.com/industry/services/property-/-cstruction/indias-warehousing-sector-goes-green-as-mncs-demand-sustainable-logistics-spaces/articleshow/122591877.cms: Page.goto: Timeout 30000ms exceeded.
Call log:
  - navigating to "https://economictimes.indiatimes.com/industry/services/property-/-cstruction/indias-warehousing-sector-goes-green-as-mncs-demand-sustainable-logistics-spaces/articleshow/122591877.cms", waiting until "load"

2025-07-29 15:41:54,406 - WARNING - Retry 3/3 failed for https://economictimes.indiatimes.com/industry/services/property-/-cstruction/indias-warehousing-sector-goes-green-as-mncs-demand-sustainable-logistics-spaces/articleshow/122591877.cms: Page.goto: Timeout 30000ms exceeded.
Call log:
  - navigating to "https://economictimes.indiatimes.com/industry/services/property-/-cstruction/indias-warehousing-sector-goes-green-as-mncs-demand-sustainable-logistics-spaces/articleshow/122591877.cms", waiting until "load"

2025-07-29 15:41:56,407 - WARNING - ✗ Page fetch failed.
2025-07-29 15:41:58,600 - INFO - 🔍 Scraping: https://www.business-standard.com/topic/warehouses-in-india
2025-07-29 15:41:59,168 - INFO - ✅ Scraped (short): Access Denied (12 words)
2025-07-29 15:42:01,393 - INFO - 🔍 Scraping: https://manufacturing.economictimes.indiatimes.com/news/industry/warehousing-demand-in-india-records-12-growth-mumbai-leads-report/118930782
2025-07-29 15:42:07,444 - ERROR - ❌ No valid content found after all attempts.
2025-07-29 15:42:09,246 - INFO - 🔍 Scraping: https://economictimes.indiatimes.com/industry/services/property-/-cstruction/indias-grade-a-warehousing-supply-to-top-300-million-sq-ft-by-2025/articleshow/110963100.cms
2025-07-29 15:42:39,742 - WARNING - Retry 1/3 failed for https://economictimes.indiatimes.com/industry/services/property-/-cstruction/indias-grade-a-warehousing-supply-to-top-300-million-sq-ft-by-2025/articleshow/110963100.cms: Page.goto: Timeout 30000ms exceeded.
Call log:
  - navigating to "https://economictimes.indiatimes.com/industry/services/property-/-cstruction/indias-grade-a-warehousing-supply-to-top-300-million-sq-ft-by-2025/articleshow/110963100.cms", waiting until "load"

2025-07-29 15:43:12,241 - WARNING - Retry 2/3 failed for https://economictimes.indiatimes.com/industry/services/property-/-cstruction/indias-grade-a-warehousing-supply-to-top-300-million-sq-ft-by-2025/articleshow/110963100.cms: Page.goto: Timeout 30000ms exceeded.
Call log:
  - navigating to "https://economictimes.indiatimes.com/industry/services/property-/-cstruction/indias-grade-a-warehousing-supply-to-top-300-million-sq-ft-by-2025/articleshow/110963100.cms", waiting until "load"

2025-07-29 15:43:44,757 - WARNING - Retry 3/3 failed for https://economictimes.indiatimes.com/industry/services/property-/-cstruction/indias-grade-a-warehousing-supply-to-top-300-million-sq-ft-by-2025/articleshow/110963100.cms: Page.goto: Timeout 30000ms exceeded.
Call log:
  - navigating to "https://economictimes.indiatimes.com/industry/services/property-/-cstruction/indias-grade-a-warehousing-supply-to-top-300-million-sq-ft-by-2025/articleshow/110963100.cms", waiting until "load"

2025-07-29 15:43:46,758 - WARNING - ✗ Page fetch failed.
2025-07-29 15:43:48,548 - INFO - 🔍 Scraping: https://economictimes.indiatimes.com/small-biz/sme-sector/warehousing-helping-lower-indias-high-logistics-costs-100000-warehouses-for-post-harvest-losses-wrdas-anita-praveen/articleshow/121294646.cms
2025-07-29 15:44:19,078 - WARNING - Retry 1/3 failed for https://economictimes.indiatimes.com/small-biz/sme-sector/warehousing-helping-lower-indias-high-logistics-costs-100000-warehouses-for-post-harvest-losses-wrdas-anita-praveen/articleshow/121294646.cms: Page.goto: Timeout 30000ms exceeded.
Call log:
  - navigating to "https://economictimes.indiatimes.com/small-biz/sme-sector/warehousing-helping-lower-indias-high-logistics-costs-100000-warehouses-for-post-harvest-losses-wrdas-anita-praveen/articleshow/121294646.cms", waiting until "load"

2025-07-29 15:44:51,570 - WARNING - Retry 2/3 failed for https://economictimes.indiatimes.com/small-biz/sme-sector/warehousing-helping-lower-indias-high-logistics-costs-100000-warehouses-for-post-harvest-losses-wrdas-anita-praveen/articleshow/121294646.cms: Page.goto: Timeout 30000ms exceeded.
Call log:
  - navigating to "https://economictimes.indiatimes.com/small-biz/sme-sector/warehousing-helping-lower-indias-high-logistics-costs-100000-warehouses-for-post-harvest-losses-wrdas-anita-praveen/articleshow/121294646.cms", waiting until "load"

2025-07-29 15:45:24,090 - WARNING - Retry 3/3 failed for https://economictimes.indiatimes.com/small-biz/sme-sector/warehousing-helping-lower-indias-high-logistics-costs-100000-warehouses-for-post-harvest-losses-wrdas-anita-praveen/articleshow/121294646.cms: Page.goto: Timeout 30000ms exceeded.
Call log:
  - navigating to "https://economictimes.indiatimes.com/small-biz/sme-sector/warehousing-helping-lower-indias-high-logistics-costs-100000-warehouses-for-post-harvest-losses-wrdas-anita-praveen/articleshow/121294646.cms", waiting until "load"

2025-07-29 15:45:26,091 - WARNING - ✗ Page fetch failed.
2025-07-29 15:45:29,039 - INFO - 🔍 Scraping: https://www.hindustantimes.com/real-estate/grade-a-warehousing-in-india-to-cross-300-million-square-feet-by-2025-report-101718374852126.html
2025-07-29 15:45:41,329 - INFO - ✅ Scraped (full): Grade A warehousing in India to cross 300 million  (129 words)
2025-07-29 15:45:44,258 - INFO - 🔍 Scraping: https://www.moneycontrol.com/news/business/real-estate/mumbai-leads-india-s-warehousing-growth-as-country-sees-record-44-9-msf-absorption-in-2024-12990715.html
2025-07-29 15:45:45,420 - INFO - ✅ Scraped (short): Access Denied (12 words)
2025-07-29 15:45:48,221 - INFO - 🔍 Scraping: https://www.livemint.com/companies/news/prologis-500-million-india-investment-warehousing-investment-logistics-real-estate-industrial-parks-land-acquisition-11742326700606.html
2025-07-29 15:45:51,536 - INFO - ✅ Scraped (full): The world’s largest warehouse firm re (747 words)
2025-07-29 15:45:53,476 - INFO - ✓ Saved 2 new articles to data\LiveMint.json
2025-07-29 15:45:53,487 - INFO - ✓ Saved 1 new articles to data\Business_Standard.json
2025-07-29 15:45:53,490 - INFO - ✓ Saved 1 new articles to data\Hindustan_Times.json
2025-07-29 15:45:53,494 - INFO - ✓ Saved 1 new articles to data\MoneyControl.json
2025-07-29 15:45:53,519 - INFO - ✓ Created master index with 4 sources and 5 articles
2025-07-29 15:55:54,226 - INFO - Starting RSS ingestion...
2025-07-29 15:55:54,227 - ERROR - Error processing prnews_manufacturing: prnewswire_rss() missing 5 required positional arguments: 'rss_url', 'json_file', 'csv_file', 'source', and 'source_category'
2025-07-29 15:55:54,227 - ERROR - Error processing economictimes_industry: economictimes_industry_rss() missing 5 required positional arguments: 'rss_url', 'json_file', 'csv_file', 'source', and 'source_category'
2025-07-29 15:55:56,663 - INFO - Starting enhanced news scraping with data folder organization...
2025-07-29 15:55:56,664 - INFO - Loaded 10 URLs to process
2025-07-29 15:55:56,664 - INFO - 🔍 Scraping: https://www.livemint.com/industry/infrastructure/india-warehousing-private-equity-investment-returns-grade-a-warehouses-invit-real-estate-logistics-e-commerce-exits-ipos-11749358741608.html
2025-07-29 15:56:02,550 - INFO - ✅ Scraped (full): India’s warehouse sector may be slowing gears—but  (1268 words)
2025-07-29 15:56:04,727 - INFO - 🔍 Scraping: https://manufacturing.economictimes.indiatimes.com/news/industry/indias-warehousing-and-logistics-sector-witnesses-203-investment-surge-in-2024/119244891
2025-07-29 15:56:11,078 - ERROR - ❌ No valid content found after all attempts.
2025-07-29 15:58:30,286 - INFO - Starting RSS ingestion...
2025-07-29 15:58:30,286 - ERROR - Error processing prnews_manufacturing: prnewswire_rss() missing 5 required positional arguments: 'rss_url', 'json_file', 'csv_file', 'source', and 'source_category'
2025-07-29 15:58:30,286 - ERROR - Error processing economictimes_industry: economictimes_industry_rss() missing 5 required positional arguments: 'rss_url', 'json_file', 'csv_file', 'source', and 'source_category'
2025-07-29 15:58:32,720 - INFO - Starting enhanced news scraping with data folder organization...
2025-07-29 15:58:32,721 - INFO - Loaded 10 URLs to process
2025-07-29 15:58:32,721 - INFO - 🔍 Scraping: https://www.livemint.com/industry/infrastructure/india-warehousing-private-equity-investment-returns-grade-a-warehouses-invit-real-estate-logistics-e-commerce-exits-ipos-11749358741608.html
2025-07-29 15:58:37,104 - ERROR - Future exception was never retrieved
future: <Future finished exception=TargetClosedError('Target page, context or browser has been closed')>
playwright._impl._errors.TargetClosedError: Target page, context or browser has been closed
2025-07-29 16:08:18,029 - INFO - Starting RSS ingestion...
2025-07-29 16:08:18,029 - INFO - Sending request to https://www.prnewswire.com/rss/heavy-industry-manufacturing-latest-news/heavy-industry-manufacturing-latest-news-list.rss
2025-07-29 16:08:18,971 - INFO - Received response with status code 200 for https://www.prnewswire.com/rss/heavy-industry-manufacturing-latest-news/heavy-industry-manufacturing-latest-news-list.rss
2025-07-29 16:08:19,008 - INFO - Sending request to https://manufacturing.economictimes.indiatimes.com/rss/industry
2025-07-29 16:08:19,261 - INFO - Received response with status code 200 for https://manufacturing.economictimes.indiatimes.com/rss/industry
2025-07-29 16:08:21,721 - INFO - Starting enhanced news scraping with data folder organization...
2025-07-29 16:08:21,721 - INFO - Loaded 10 URLs to process
2025-07-29 16:08:21,722 - INFO - 🔍 Scraping: https://www.livemint.com/industry/infrastructure/india-warehousing-private-equity-investment-returns-grade-a-warehouses-invit-real-estate-logistics-e-commerce-exits-ipos-11749358741608.html
2025-07-29 16:08:27,074 - INFO - ✅ Scraped (full): India’s warehouse sector may be slowing gears—but  (1268 words)
2025-07-29 16:08:28,411 - INFO - 🔍 Scraping: https://manufacturing.economictimes.indiatimes.com/news/industry/indias-warehousing-and-logistics-sector-witnesses-203-investment-surge-in-2024/119244891
2025-07-29 16:08:32,026 - ERROR - ❌ No valid content found after all attempts.
2025-07-29 16:08:34,899 - INFO - 🔍 Scraping: https://economictimes.indiatimes.com/industry/services/property-/-cstruction/indias-warehousing-sector-goes-green-as-mncs-demand-sustainable-logistics-spaces/articleshow/122591877.cms
2025-07-29 16:08:51,277 - ERROR - Future exception was never retrieved
future: <Future finished exception=TargetClosedError('Target page, context or browser has been closed')>
playwright._impl._errors.TargetClosedError: Target page, context or browser has been closed
2025-07-29 16:21:48,947 - INFO - Starting RSS ingestion...
2025-07-29 16:21:48,947 - INFO - Sending request to https://www.prnewswire.com/rss/heavy-industry-manufacturing-latest-news/heavy-industry-manufacturing-latest-news-list.rss
2025-07-29 16:21:49,084 - INFO - Received response with status code 200 for https://www.prnewswire.com/rss/heavy-industry-manufacturing-latest-news/heavy-industry-manufacturing-latest-news-list.rss
2025-07-29 16:21:49,131 - INFO - Sending request to https://manufacturing.economictimes.indiatimes.com/rss/industry
2025-07-29 16:21:49,204 - INFO - Received response with status code 200 for https://manufacturing.economictimes.indiatimes.com/rss/industry
2025-07-29 16:21:52,491 - INFO - Starting ultra-enhanced news scraping with 100% extraction target...
2025-07-29 16:21:52,491 - INFO - Loaded 10 unique URLs to process
2025-07-29 16:21:52,492 - INFO - 🔍 Scraping: https://www.livemint.com/industry/infrastructure/india-warehousing-private-equity-investment-returns-grade-a-warehouses-invit-real-estate-logistics-e-commerce-exits-ipos-11749358741608.html
2025-07-29 16:22:11,474 - ERROR - 🚨 Complete failure for https://www.livemint.com/industry/infrastructure/india-warehousing-private-equity-investment-returns-grade-a-warehouses-invit-real-estate-logistics-e-commerce-exits-ipos-11749358741608.html: unsupported operand type(s) for +: 'int' and 'str'
Traceback (most recent call last):
  File "C:\Users\aakas\Documents\GitHub\news_scraper_new\WEB_SCRAPPING\GNW.py", line 718, in scrape_article
    content = extract_content(soup)
  File "C:\Users\aakas\Documents\GitHub\news_scraper_new\WEB_SCRAPPING\GNW.py", line 489, in extract_content
    content_candidates.sort(key=lambda x: (
    ~~~~~~~~~~~~~~~~~~~~~~~^^^^^^^^^^^^^^^^
        x[2].startswith('main_selector') * 1000 +
        ^^^^^^^^^^^^^^^^^^^^^^^^^^^^^^^^^^^^^^^^^
        x[2] == 'json_ld' * 800 +
        ^^^^^^^^^^^^^^^^^^^^^^^^^
        x[0]
        ^^^^
    ), reverse=True)
    ^^^^^^^^^^^^^^^^
  File "C:\Users\aakas\Documents\GitHub\news_scraper_new\WEB_SCRAPPING\GNW.py", line 490, in <lambda>
    x[2].startswith('main_selector') * 1000 +
    ~~~~~~~~~~~~~~~~~~~~~~~~~~~~~~~~~~~~~~~~^
    x[2] == 'json_ld' * 800 +
    ~~~~
TypeError: unsupported operand type(s) for +: 'int' and 'str'
2025-07-29 16:22:11,476 - INFO - 🔍 Scraping: https://manufacturing.economictimes.indiatimes.com/news/industry/indias-warehousing-and-logistics-sector-witnesses-203-investment-surge-in-2024/119244891
2025-07-29 16:22:28,085 - ERROR - 🚨 Complete failure for https://manufacturing.economictimes.indiatimes.com/news/industry/indias-warehousing-and-logistics-sector-witnesses-203-investment-surge-in-2024/119244891: unsupported operand type(s) for +: 'int' and 'str'
Traceback (most recent call last):
  File "C:\Users\aakas\Documents\GitHub\news_scraper_new\WEB_SCRAPPING\GNW.py", line 718, in scrape_article
    content = extract_content(soup)
  File "C:\Users\aakas\Documents\GitHub\news_scraper_new\WEB_SCRAPPING\GNW.py", line 489, in extract_content
    content_candidates.sort(key=lambda x: (
    ~~~~~~~~~~~~~~~~~~~~~~~^^^^^^^^^^^^^^^^
        x[2].startswith('main_selector') * 1000 +
        ^^^^^^^^^^^^^^^^^^^^^^^^^^^^^^^^^^^^^^^^^
        x[2] == 'json_ld' * 800 +
        ^^^^^^^^^^^^^^^^^^^^^^^^^
        x[0]
        ^^^^
    ), reverse=True)
    ^^^^^^^^^^^^^^^^
  File "C:\Users\aakas\Documents\GitHub\news_scraper_new\WEB_SCRAPPING\GNW.py", line 490, in <lambda>
    x[2].startswith('main_selector') * 1000 +
    ~~~~~~~~~~~~~~~~~~~~~~~~~~~~~~~~~~~~~~~~^
    x[2] == 'json_ld' * 800 +
    ~~~~
TypeError: unsupported operand type(s) for +: 'int' and 'str'
2025-07-29 16:22:28,087 - INFO - 🔍 Scraping: https://economictimes.indiatimes.com/industry/services/property-/-cstruction/indias-warehousing-sector-goes-green-as-mncs-demand-sustainable-logistics-spaces/articleshow/122591877.cms
2025-07-29 16:22:47,344 - ERROR - 🚨 Complete failure for https://economictimes.indiatimes.com/industry/services/property-/-cstruction/indias-warehousing-sector-goes-green-as-mncs-demand-sustainable-logistics-spaces/articleshow/122591877.cms: unsupported operand type(s) for +: 'int' and 'str'
Traceback (most recent call last):
  File "C:\Users\aakas\Documents\GitHub\news_scraper_new\WEB_SCRAPPING\GNW.py", line 718, in scrape_article
    content = extract_content(soup)
  File "C:\Users\aakas\Documents\GitHub\news_scraper_new\WEB_SCRAPPING\GNW.py", line 489, in extract_content
    content_candidates.sort(key=lambda x: (
    ~~~~~~~~~~~~~~~~~~~~~~~^^^^^^^^^^^^^^^^
        x[2].startswith('main_selector') * 1000 +
        ^^^^^^^^^^^^^^^^^^^^^^^^^^^^^^^^^^^^^^^^^
        x[2] == 'json_ld' * 800 +
        ^^^^^^^^^^^^^^^^^^^^^^^^^
        x[0]
        ^^^^
    ), reverse=True)
    ^^^^^^^^^^^^^^^^
  File "C:\Users\aakas\Documents\GitHub\news_scraper_new\WEB_SCRAPPING\GNW.py", line 490, in <lambda>
    x[2].startswith('main_selector') * 1000 +
    ~~~~~~~~~~~~~~~~~~~~~~~~~~~~~~~~~~~~~~~~^
    x[2] == 'json_ld' * 800 +
    ~~~~
TypeError: unsupported operand type(s) for +: 'int' and 'str'
2025-07-29 16:22:47,345 - INFO - 🔍 Scraping: https://www.business-standard.com/topic/warehouses-in-india
2025-07-29 16:23:05,557 - ERROR - 🚨 Complete failure for https://www.business-standard.com/topic/warehouses-in-india: unsupported operand type(s) for +: 'int' and 'str'
Traceback (most recent call last):
  File "C:\Users\aakas\Documents\GitHub\news_scraper_new\WEB_SCRAPPING\GNW.py", line 718, in scrape_article
    content = extract_content(soup)
  File "C:\Users\aakas\Documents\GitHub\news_scraper_new\WEB_SCRAPPING\GNW.py", line 489, in extract_content
    content_candidates.sort(key=lambda x: (
    ~~~~~~~~~~~~~~~~~~~~~~~^^^^^^^^^^^^^^^^
        x[2].startswith('main_selector') * 1000 +
        ^^^^^^^^^^^^^^^^^^^^^^^^^^^^^^^^^^^^^^^^^
        x[2] == 'json_ld' * 800 +
        ^^^^^^^^^^^^^^^^^^^^^^^^^
        x[0]
        ^^^^
    ), reverse=True)
    ^^^^^^^^^^^^^^^^
  File "C:\Users\aakas\Documents\GitHub\news_scraper_new\WEB_SCRAPPING\GNW.py", line 490, in <lambda>
    x[2].startswith('main_selector') * 1000 +
    ~~~~~~~~~~~~~~~~~~~~~~~~~~~~~~~~~~~~~~~~^
    x[2] == 'json_ld' * 800 +
    ~~~~
TypeError: unsupported operand type(s) for +: 'int' and 'str'
2025-07-29 16:23:05,558 - INFO - 🔍 Scraping: https://manufacturing.economictimes.indiatimes.com/news/industry/warehousing-demand-in-india-records-12-growth-mumbai-leads-report/118930782
2025-07-29 16:23:22,477 - ERROR - 🚨 Complete failure for https://manufacturing.economictimes.indiatimes.com/news/industry/warehousing-demand-in-india-records-12-growth-mumbai-leads-report/118930782: unsupported operand type(s) for +: 'int' and 'str'
Traceback (most recent call last):
  File "C:\Users\aakas\Documents\GitHub\news_scraper_new\WEB_SCRAPPING\GNW.py", line 718, in scrape_article
    content = extract_content(soup)
  File "C:\Users\aakas\Documents\GitHub\news_scraper_new\WEB_SCRAPPING\GNW.py", line 489, in extract_content
    content_candidates.sort(key=lambda x: (
    ~~~~~~~~~~~~~~~~~~~~~~~^^^^^^^^^^^^^^^^
        x[2].startswith('main_selector') * 1000 +
        ^^^^^^^^^^^^^^^^^^^^^^^^^^^^^^^^^^^^^^^^^
        x[2] == 'json_ld' * 800 +
        ^^^^^^^^^^^^^^^^^^^^^^^^^
        x[0]
        ^^^^
    ), reverse=True)
    ^^^^^^^^^^^^^^^^
  File "C:\Users\aakas\Documents\GitHub\news_scraper_new\WEB_SCRAPPING\GNW.py", line 490, in <lambda>
    x[2].startswith('main_selector') * 1000 +
    ~~~~~~~~~~~~~~~~~~~~~~~~~~~~~~~~~~~~~~~~^
    x[2] == 'json_ld' * 800 +
    ~~~~
TypeError: unsupported operand type(s) for +: 'int' and 'str'
2025-07-29 16:23:22,478 - INFO - 🔍 Scraping: https://economictimes.indiatimes.com/industry/services/property-/-cstruction/indias-grade-a-warehousing-supply-to-top-300-million-sq-ft-by-2025/articleshow/110963100.cms
2025-07-29 16:23:42,153 - ERROR - 🚨 Complete failure for https://economictimes.indiatimes.com/industry/services/property-/-cstruction/indias-grade-a-warehousing-supply-to-top-300-million-sq-ft-by-2025/articleshow/110963100.cms: unsupported operand type(s) for +: 'int' and 'str'
Traceback (most recent call last):
  File "C:\Users\aakas\Documents\GitHub\news_scraper_new\WEB_SCRAPPING\GNW.py", line 718, in scrape_article
    content = extract_content(soup)
  File "C:\Users\aakas\Documents\GitHub\news_scraper_new\WEB_SCRAPPING\GNW.py", line 489, in extract_content
    content_candidates.sort(key=lambda x: (
    ~~~~~~~~~~~~~~~~~~~~~~~^^^^^^^^^^^^^^^^
        x[2].startswith('main_selector') * 1000 +
        ^^^^^^^^^^^^^^^^^^^^^^^^^^^^^^^^^^^^^^^^^
        x[2] == 'json_ld' * 800 +
        ^^^^^^^^^^^^^^^^^^^^^^^^^
        x[0]
        ^^^^
    ), reverse=True)
    ^^^^^^^^^^^^^^^^
  File "C:\Users\aakas\Documents\GitHub\news_scraper_new\WEB_SCRAPPING\GNW.py", line 490, in <lambda>
    x[2].startswith('main_selector') * 1000 +
    ~~~~~~~~~~~~~~~~~~~~~~~~~~~~~~~~~~~~~~~~^
    x[2] == 'json_ld' * 800 +
    ~~~~
TypeError: unsupported operand type(s) for +: 'int' and 'str'
2025-07-29 16:23:42,155 - INFO - 🔍 Scraping: https://economictimes.indiatimes.com/small-biz/sme-sector/warehousing-helping-lower-indias-high-logistics-costs-100000-warehouses-for-post-harvest-losses-wrdas-anita-praveen/articleshow/121294646.cms
2025-07-29 16:24:01,877 - ERROR - 🚨 Complete failure for https://economictimes.indiatimes.com/small-biz/sme-sector/warehousing-helping-lower-indias-high-logistics-costs-100000-warehouses-for-post-harvest-losses-wrdas-anita-praveen/articleshow/121294646.cms: unsupported operand type(s) for +: 'int' and 'str'
Traceback (most recent call last):
  File "C:\Users\aakas\Documents\GitHub\news_scraper_new\WEB_SCRAPPING\GNW.py", line 718, in scrape_article
    content = extract_content(soup)
  File "C:\Users\aakas\Documents\GitHub\news_scraper_new\WEB_SCRAPPING\GNW.py", line 489, in extract_content
    content_candidates.sort(key=lambda x: (
    ~~~~~~~~~~~~~~~~~~~~~~~^^^^^^^^^^^^^^^^
        x[2].startswith('main_selector') * 1000 +
        ^^^^^^^^^^^^^^^^^^^^^^^^^^^^^^^^^^^^^^^^^
        x[2] == 'json_ld' * 800 +
        ^^^^^^^^^^^^^^^^^^^^^^^^^
        x[0]
        ^^^^
    ), reverse=True)
    ^^^^^^^^^^^^^^^^
  File "C:\Users\aakas\Documents\GitHub\news_scraper_new\WEB_SCRAPPING\GNW.py", line 490, in <lambda>
    x[2].startswith('main_selector') * 1000 +
    ~~~~~~~~~~~~~~~~~~~~~~~~~~~~~~~~~~~~~~~~^
    x[2] == 'json_ld' * 800 +
    ~~~~
TypeError: unsupported operand type(s) for +: 'int' and 'str'
2025-07-29 16:24:01,878 - INFO - 🔍 Scraping: https://www.hindustantimes.com/real-estate/grade-a-warehousing-in-india-to-cross-300-million-square-feet-by-2025-report-101718374852126.html
2025-07-29 16:24:18,629 - ERROR - 🚨 Complete failure for https://www.hindustantimes.com/real-estate/grade-a-warehousing-in-india-to-cross-300-million-square-feet-by-2025-report-101718374852126.html: unsupported operand type(s) for +: 'int' and 'str'
Traceback (most recent call last):
  File "C:\Users\aakas\Documents\GitHub\news_scraper_new\WEB_SCRAPPING\GNW.py", line 718, in scrape_article
    content = extract_content(soup)
  File "C:\Users\aakas\Documents\GitHub\news_scraper_new\WEB_SCRAPPING\GNW.py", line 489, in extract_content
    content_candidates.sort(key=lambda x: (
    ~~~~~~~~~~~~~~~~~~~~~~~^^^^^^^^^^^^^^^^
        x[2].startswith('main_selector') * 1000 +
        ^^^^^^^^^^^^^^^^^^^^^^^^^^^^^^^^^^^^^^^^^
        x[2] == 'json_ld' * 800 +
        ^^^^^^^^^^^^^^^^^^^^^^^^^
        x[0]
        ^^^^
    ), reverse=True)
    ^^^^^^^^^^^^^^^^
  File "C:\Users\aakas\Documents\GitHub\news_scraper_new\WEB_SCRAPPING\GNW.py", line 490, in <lambda>
    x[2].startswith('main_selector') * 1000 +
    ~~~~~~~~~~~~~~~~~~~~~~~~~~~~~~~~~~~~~~~~^
    x[2] == 'json_ld' * 800 +
    ~~~~
TypeError: unsupported operand type(s) for +: 'int' and 'str'
2025-07-29 16:24:18,630 - INFO - 🔍 Scraping: https://www.moneycontrol.com/news/business/real-estate/mumbai-leads-india-s-warehousing-growth-as-country-sees-record-44-9-msf-absorption-in-2024-12990715.html
2025-07-29 16:24:51,245 - ERROR - 🚨 Complete failure for https://www.moneycontrol.com/news/business/real-estate/mumbai-leads-india-s-warehousing-growth-as-country-sees-record-44-9-msf-absorption-in-2024-12990715.html: unsupported operand type(s) for +: 'int' and 'str'
Traceback (most recent call last):
  File "C:\Users\aakas\Documents\GitHub\news_scraper_new\WEB_SCRAPPING\GNW.py", line 718, in scrape_article
    content = extract_content(soup)
  File "C:\Users\aakas\Documents\GitHub\news_scraper_new\WEB_SCRAPPING\GNW.py", line 489, in extract_content
    content_candidates.sort(key=lambda x: (
    ~~~~~~~~~~~~~~~~~~~~~~~^^^^^^^^^^^^^^^^
        x[2].startswith('main_selector') * 1000 +
        ^^^^^^^^^^^^^^^^^^^^^^^^^^^^^^^^^^^^^^^^^
        x[2] == 'json_ld' * 800 +
        ^^^^^^^^^^^^^^^^^^^^^^^^^
        x[0]
        ^^^^
    ), reverse=True)
    ^^^^^^^^^^^^^^^^
  File "C:\Users\aakas\Documents\GitHub\news_scraper_new\WEB_SCRAPPING\GNW.py", line 490, in <lambda>
    x[2].startswith('main_selector') * 1000 +
    ~~~~~~~~~~~~~~~~~~~~~~~~~~~~~~~~~~~~~~~~^
    x[2] == 'json_ld' * 800 +
    ~~~~
TypeError: unsupported operand type(s) for +: 'int' and 'str'
2025-07-29 16:24:51,247 - INFO - 🔍 Scraping: https://www.livemint.com/companies/news/prologis-500-million-india-investment-warehousing-investment-logistics-real-estate-industrial-parks-land-acquisition-11742326700606.html
2025-07-29 16:25:07,517 - ERROR - 🚨 Complete failure for https://www.livemint.com/companies/news/prologis-500-million-india-investment-warehousing-investment-logistics-real-estate-industrial-parks-land-acquisition-11742326700606.html: unsupported operand type(s) for +: 'int' and 'str'
Traceback (most recent call last):
  File "C:\Users\aakas\Documents\GitHub\news_scraper_new\WEB_SCRAPPING\GNW.py", line 718, in scrape_article
    content = extract_content(soup)
  File "C:\Users\aakas\Documents\GitHub\news_scraper_new\WEB_SCRAPPING\GNW.py", line 489, in extract_content
    content_candidates.sort(key=lambda x: (
    ~~~~~~~~~~~~~~~~~~~~~~~^^^^^^^^^^^^^^^^
        x[2].startswith('main_selector') * 1000 +
        ^^^^^^^^^^^^^^^^^^^^^^^^^^^^^^^^^^^^^^^^^
        x[2] == 'json_ld' * 800 +
        ^^^^^^^^^^^^^^^^^^^^^^^^^
        x[0]
        ^^^^
    ), reverse=True)
    ^^^^^^^^^^^^^^^^
  File "C:\Users\aakas\Documents\GitHub\news_scraper_new\WEB_SCRAPPING\GNW.py", line 490, in <lambda>
    x[2].startswith('main_selector') * 1000 +
    ~~~~~~~~~~~~~~~~~~~~~~~~~~~~~~~~~~~~~~~~^
    x[2] == 'json_ld' * 800 +
    ~~~~
TypeError: unsupported operand type(s) for +: 'int' and 'str'
2025-07-29 16:25:07,522 - INFO - Saved 2 articles for source 'LiveMint' to data\LiveMint.json
2025-07-29 16:25:07,526 - INFO - Saved 2 articles for source 'Manufacturing_Economictimes' to data\Manufacturing_Economictimes.json
2025-07-29 16:25:07,531 - INFO - Saved 3 articles for source 'Economic_Times' to data\Economic_Times.json
2025-07-29 16:25:07,534 - INFO - Saved 1 articles for source 'Business_Standard' to data\Business_Standard.json
2025-07-29 16:25:07,538 - INFO - Saved 1 articles for source 'Hindustan_Times' to data\Hindustan_Times.json
2025-07-29 16:25:07,546 - INFO - Saved 1 articles for source 'MoneyControl' to data\MoneyControl.json
2025-07-29 16:38:33,606 - INFO - Starting RSS ingestion...
2025-07-29 16:38:33,606 - INFO - Sending request to https://www.prnewswire.com/rss/heavy-industry-manufacturing-latest-news/heavy-industry-manufacturing-latest-news-list.rss
2025-07-29 16:38:34,582 - INFO - Received response with status code 200 for https://www.prnewswire.com/rss/heavy-industry-manufacturing-latest-news/heavy-industry-manufacturing-latest-news-list.rss
2025-07-29 16:38:34,617 - INFO - Sending request to https://manufacturing.economictimes.indiatimes.com/rss/industry
2025-07-29 16:38:34,772 - INFO - Received response with status code 200 for https://manufacturing.economictimes.indiatimes.com/rss/industry
2025-07-29 16:38:38,039 - INFO - Starting ultra-enhanced news scraping with 100% extraction target...
2025-07-29 16:38:38,039 - INFO - Loaded 10 unique URLs to process
2025-07-29 16:38:38,039 - INFO - 🔍 Scraping: https://www.livemint.com/industry/infrastructure/india-warehousing-private-equity-investment-returns-grade-a-warehouses-invit-real-estate-logistics-e-commerce-exits-ipos-11749358741608.html
2025-07-29 16:38:57,012 - ERROR - 🚨 Complete failure for https://www.livemint.com/industry/infrastructure/india-warehousing-private-equity-investment-returns-grade-a-warehouses-invit-real-estate-logistics-e-commerce-exits-ipos-11749358741608.html: unsupported operand type(s) for +: 'int' and 'str'
Traceback (most recent call last):
  File "C:\Users\aakas\Documents\GitHub\news_scraper_new\WEB_SCRAPPING\GNW.py", line 718, in scrape_article
    content = extract_content(soup)
  File "C:\Users\aakas\Documents\GitHub\news_scraper_new\WEB_SCRAPPING\GNW.py", line 489, in extract_content
    content_candidates.sort(key=lambda x: (
    ~~~~~~~~~~~~~~~~~~~~~~~^^^^^^^^^^^^^^^^
        x[2].startswith('main_selector') * 1000 +
        ^^^^^^^^^^^^^^^^^^^^^^^^^^^^^^^^^^^^^^^^^
        x[2] == 'json_ld' * 800 +
        ^^^^^^^^^^^^^^^^^^^^^^^^^
        x[0]
        ^^^^
    ), reverse=True)
    ^^^^^^^^^^^^^^^^
  File "C:\Users\aakas\Documents\GitHub\news_scraper_new\WEB_SCRAPPING\GNW.py", line 490, in <lambda>
    x[2].startswith('main_selector') * 1000 +
    ~~~~~~~~~~~~~~~~~~~~~~~~~~~~~~~~~~~~~~~~^
    x[2] == 'json_ld' * 800 +
    ~~~~
TypeError: unsupported operand type(s) for +: 'int' and 'str'
2025-07-29 16:38:57,013 - INFO - 🔍 Scraping: https://manufacturing.economictimes.indiatimes.com/news/industry/indias-warehousing-and-logistics-sector-witnesses-203-investment-surge-in-2024/119244891
2025-07-29 16:39:14,213 - ERROR - 🚨 Complete failure for https://manufacturing.economictimes.indiatimes.com/news/industry/indias-warehousing-and-logistics-sector-witnesses-203-investment-surge-in-2024/119244891: unsupported operand type(s) for +: 'int' and 'str'
Traceback (most recent call last):
  File "C:\Users\aakas\Documents\GitHub\news_scraper_new\WEB_SCRAPPING\GNW.py", line 718, in scrape_article
    content = extract_content(soup)
  File "C:\Users\aakas\Documents\GitHub\news_scraper_new\WEB_SCRAPPING\GNW.py", line 489, in extract_content
    content_candidates.sort(key=lambda x: (
    ~~~~~~~~~~~~~~~~~~~~~~~^^^^^^^^^^^^^^^^
        x[2].startswith('main_selector') * 1000 +
        ^^^^^^^^^^^^^^^^^^^^^^^^^^^^^^^^^^^^^^^^^
        x[2] == 'json_ld' * 800 +
        ^^^^^^^^^^^^^^^^^^^^^^^^^
        x[0]
        ^^^^
    ), reverse=True)
    ^^^^^^^^^^^^^^^^
  File "C:\Users\aakas\Documents\GitHub\news_scraper_new\WEB_SCRAPPING\GNW.py", line 490, in <lambda>
    x[2].startswith('main_selector') * 1000 +
    ~~~~~~~~~~~~~~~~~~~~~~~~~~~~~~~~~~~~~~~~^
    x[2] == 'json_ld' * 800 +
    ~~~~
TypeError: unsupported operand type(s) for +: 'int' and 'str'
2025-07-29 16:39:14,214 - INFO - 🔍 Scraping: https://economictimes.indiatimes.com/industry/services/property-/-cstruction/indias-warehousing-sector-goes-green-as-mncs-demand-sustainable-logistics-spaces/articleshow/122591877.cms
2025-07-29 16:39:33,657 - ERROR - 🚨 Complete failure for https://economictimes.indiatimes.com/industry/services/property-/-cstruction/indias-warehousing-sector-goes-green-as-mncs-demand-sustainable-logistics-spaces/articleshow/122591877.cms: unsupported operand type(s) for +: 'int' and 'str'
Traceback (most recent call last):
  File "C:\Users\aakas\Documents\GitHub\news_scraper_new\WEB_SCRAPPING\GNW.py", line 718, in scrape_article
    content = extract_content(soup)
  File "C:\Users\aakas\Documents\GitHub\news_scraper_new\WEB_SCRAPPING\GNW.py", line 489, in extract_content
    content_candidates.sort(key=lambda x: (
    ~~~~~~~~~~~~~~~~~~~~~~~^^^^^^^^^^^^^^^^
        x[2].startswith('main_selector') * 1000 +
        ^^^^^^^^^^^^^^^^^^^^^^^^^^^^^^^^^^^^^^^^^
        x[2] == 'json_ld' * 800 +
        ^^^^^^^^^^^^^^^^^^^^^^^^^
        x[0]
        ^^^^
    ), reverse=True)
    ^^^^^^^^^^^^^^^^
  File "C:\Users\aakas\Documents\GitHub\news_scraper_new\WEB_SCRAPPING\GNW.py", line 490, in <lambda>
    x[2].startswith('main_selector') * 1000 +
    ~~~~~~~~~~~~~~~~~~~~~~~~~~~~~~~~~~~~~~~~^
    x[2] == 'json_ld' * 800 +
    ~~~~
TypeError: unsupported operand type(s) for +: 'int' and 'str'
2025-07-29 16:39:33,659 - INFO - 🔍 Scraping: https://www.business-standard.com/topic/warehouses-in-india
2025-07-29 16:39:52,003 - ERROR - 🚨 Complete failure for https://www.business-standard.com/topic/warehouses-in-india: unsupported operand type(s) for +: 'int' and 'str'
Traceback (most recent call last):
  File "C:\Users\aakas\Documents\GitHub\news_scraper_new\WEB_SCRAPPING\GNW.py", line 718, in scrape_article
    content = extract_content(soup)
  File "C:\Users\aakas\Documents\GitHub\news_scraper_new\WEB_SCRAPPING\GNW.py", line 489, in extract_content
    content_candidates.sort(key=lambda x: (
    ~~~~~~~~~~~~~~~~~~~~~~~^^^^^^^^^^^^^^^^
        x[2].startswith('main_selector') * 1000 +
        ^^^^^^^^^^^^^^^^^^^^^^^^^^^^^^^^^^^^^^^^^
        x[2] == 'json_ld' * 800 +
        ^^^^^^^^^^^^^^^^^^^^^^^^^
        x[0]
        ^^^^
    ), reverse=True)
    ^^^^^^^^^^^^^^^^
  File "C:\Users\aakas\Documents\GitHub\news_scraper_new\WEB_SCRAPPING\GNW.py", line 490, in <lambda>
    x[2].startswith('main_selector') * 1000 +
    ~~~~~~~~~~~~~~~~~~~~~~~~~~~~~~~~~~~~~~~~^
    x[2] == 'json_ld' * 800 +
    ~~~~
TypeError: unsupported operand type(s) for +: 'int' and 'str'
2025-07-29 16:39:52,004 - INFO - 🔍 Scraping: https://manufacturing.economictimes.indiatimes.com/news/industry/warehousing-demand-in-india-records-12-growth-mumbai-leads-report/118930782
2025-07-29 16:40:09,661 - ERROR - 🚨 Complete failure for https://manufacturing.economictimes.indiatimes.com/news/industry/warehousing-demand-in-india-records-12-growth-mumbai-leads-report/118930782: unsupported operand type(s) for +: 'int' and 'str'
Traceback (most recent call last):
  File "C:\Users\aakas\Documents\GitHub\news_scraper_new\WEB_SCRAPPING\GNW.py", line 718, in scrape_article
    content = extract_content(soup)
  File "C:\Users\aakas\Documents\GitHub\news_scraper_new\WEB_SCRAPPING\GNW.py", line 489, in extract_content
    content_candidates.sort(key=lambda x: (
    ~~~~~~~~~~~~~~~~~~~~~~~^^^^^^^^^^^^^^^^
        x[2].startswith('main_selector') * 1000 +
        ^^^^^^^^^^^^^^^^^^^^^^^^^^^^^^^^^^^^^^^^^
        x[2] == 'json_ld' * 800 +
        ^^^^^^^^^^^^^^^^^^^^^^^^^
        x[0]
        ^^^^
    ), reverse=True)
    ^^^^^^^^^^^^^^^^
  File "C:\Users\aakas\Documents\GitHub\news_scraper_new\WEB_SCRAPPING\GNW.py", line 490, in <lambda>
    x[2].startswith('main_selector') * 1000 +
    ~~~~~~~~~~~~~~~~~~~~~~~~~~~~~~~~~~~~~~~~^
    x[2] == 'json_ld' * 800 +
    ~~~~
TypeError: unsupported operand type(s) for +: 'int' and 'str'
2025-07-29 16:40:09,662 - INFO - 🔍 Scraping: https://economictimes.indiatimes.com/industry/services/property-/-cstruction/indias-grade-a-warehousing-supply-to-top-300-million-sq-ft-by-2025/articleshow/110963100.cms
2025-07-29 16:40:33,118 - ERROR - 🚨 Complete failure for https://economictimes.indiatimes.com/industry/services/property-/-cstruction/indias-grade-a-warehousing-supply-to-top-300-million-sq-ft-by-2025/articleshow/110963100.cms: unsupported operand type(s) for +: 'int' and 'str'
Traceback (most recent call last):
  File "C:\Users\aakas\Documents\GitHub\news_scraper_new\WEB_SCRAPPING\GNW.py", line 718, in scrape_article
    content = extract_content(soup)
  File "C:\Users\aakas\Documents\GitHub\news_scraper_new\WEB_SCRAPPING\GNW.py", line 489, in extract_content
    content_candidates.sort(key=lambda x: (
    ~~~~~~~~~~~~~~~~~~~~~~~^^^^^^^^^^^^^^^^
        x[2].startswith('main_selector') * 1000 +
        ^^^^^^^^^^^^^^^^^^^^^^^^^^^^^^^^^^^^^^^^^
        x[2] == 'json_ld' * 800 +
        ^^^^^^^^^^^^^^^^^^^^^^^^^
        x[0]
        ^^^^
    ), reverse=True)
    ^^^^^^^^^^^^^^^^
  File "C:\Users\aakas\Documents\GitHub\news_scraper_new\WEB_SCRAPPING\GNW.py", line 490, in <lambda>
    x[2].startswith('main_selector') * 1000 +
    ~~~~~~~~~~~~~~~~~~~~~~~~~~~~~~~~~~~~~~~~^
    x[2] == 'json_ld' * 800 +
    ~~~~
TypeError: unsupported operand type(s) for +: 'int' and 'str'
2025-07-29 16:40:33,119 - INFO - 🔍 Scraping: https://economictimes.indiatimes.com/small-biz/sme-sector/warehousing-helping-lower-indias-high-logistics-costs-100000-warehouses-for-post-harvest-losses-wrdas-anita-praveen/articleshow/121294646.cms
2025-07-29 16:40:52,234 - ERROR - 🚨 Complete failure for https://economictimes.indiatimes.com/small-biz/sme-sector/warehousing-helping-lower-indias-high-logistics-costs-100000-warehouses-for-post-harvest-losses-wrdas-anita-praveen/articleshow/121294646.cms: unsupported operand type(s) for +: 'int' and 'str'
Traceback (most recent call last):
  File "C:\Users\aakas\Documents\GitHub\news_scraper_new\WEB_SCRAPPING\GNW.py", line 718, in scrape_article
    content = extract_content(soup)
  File "C:\Users\aakas\Documents\GitHub\news_scraper_new\WEB_SCRAPPING\GNW.py", line 489, in extract_content
    content_candidates.sort(key=lambda x: (
    ~~~~~~~~~~~~~~~~~~~~~~~^^^^^^^^^^^^^^^^
        x[2].startswith('main_selector') * 1000 +
        ^^^^^^^^^^^^^^^^^^^^^^^^^^^^^^^^^^^^^^^^^
        x[2] == 'json_ld' * 800 +
        ^^^^^^^^^^^^^^^^^^^^^^^^^
        x[0]
        ^^^^
    ), reverse=True)
    ^^^^^^^^^^^^^^^^
  File "C:\Users\aakas\Documents\GitHub\news_scraper_new\WEB_SCRAPPING\GNW.py", line 490, in <lambda>
    x[2].startswith('main_selector') * 1000 +
    ~~~~~~~~~~~~~~~~~~~~~~~~~~~~~~~~~~~~~~~~^
    x[2] == 'json_ld' * 800 +
    ~~~~
TypeError: unsupported operand type(s) for +: 'int' and 'str'
2025-07-29 16:40:52,235 - INFO - 🔍 Scraping: https://www.hindustantimes.com/real-estate/grade-a-warehousing-in-india-to-cross-300-million-square-feet-by-2025-report-101718374852126.html
2025-07-29 16:41:09,488 - ERROR - 🚨 Complete failure for https://www.hindustantimes.com/real-estate/grade-a-warehousing-in-india-to-cross-300-million-square-feet-by-2025-report-101718374852126.html: unsupported operand type(s) for +: 'int' and 'str'
Traceback (most recent call last):
  File "C:\Users\aakas\Documents\GitHub\news_scraper_new\WEB_SCRAPPING\GNW.py", line 718, in scrape_article
    content = extract_content(soup)
  File "C:\Users\aakas\Documents\GitHub\news_scraper_new\WEB_SCRAPPING\GNW.py", line 489, in extract_content
    content_candidates.sort(key=lambda x: (
    ~~~~~~~~~~~~~~~~~~~~~~~^^^^^^^^^^^^^^^^
        x[2].startswith('main_selector') * 1000 +
        ^^^^^^^^^^^^^^^^^^^^^^^^^^^^^^^^^^^^^^^^^
        x[2] == 'json_ld' * 800 +
        ^^^^^^^^^^^^^^^^^^^^^^^^^
        x[0]
        ^^^^
    ), reverse=True)
    ^^^^^^^^^^^^^^^^
  File "C:\Users\aakas\Documents\GitHub\news_scraper_new\WEB_SCRAPPING\GNW.py", line 490, in <lambda>
    x[2].startswith('main_selector') * 1000 +
    ~~~~~~~~~~~~~~~~~~~~~~~~~~~~~~~~~~~~~~~~^
    x[2] == 'json_ld' * 800 +
    ~~~~
TypeError: unsupported operand type(s) for +: 'int' and 'str'
2025-07-29 16:41:09,489 - INFO - 🔍 Scraping: https://www.moneycontrol.com/news/business/real-estate/mumbai-leads-india-s-warehousing-growth-as-country-sees-record-44-9-msf-absorption-in-2024-12990715.html
2025-07-29 16:41:29,211 - ERROR - 🚨 Complete failure for https://www.moneycontrol.com/news/business/real-estate/mumbai-leads-india-s-warehousing-growth-as-country-sees-record-44-9-msf-absorption-in-2024-12990715.html: unsupported operand type(s) for +: 'int' and 'str'
Traceback (most recent call last):
  File "C:\Users\aakas\Documents\GitHub\news_scraper_new\WEB_SCRAPPING\GNW.py", line 718, in scrape_article
    content = extract_content(soup)
  File "C:\Users\aakas\Documents\GitHub\news_scraper_new\WEB_SCRAPPING\GNW.py", line 489, in extract_content
    content_candidates.sort(key=lambda x: (
    ~~~~~~~~~~~~~~~~~~~~~~~^^^^^^^^^^^^^^^^
        x[2].startswith('main_selector') * 1000 +
        ^^^^^^^^^^^^^^^^^^^^^^^^^^^^^^^^^^^^^^^^^
        x[2] == 'json_ld' * 800 +
        ^^^^^^^^^^^^^^^^^^^^^^^^^
        x[0]
        ^^^^
    ), reverse=True)
    ^^^^^^^^^^^^^^^^
  File "C:\Users\aakas\Documents\GitHub\news_scraper_new\WEB_SCRAPPING\GNW.py", line 490, in <lambda>
    x[2].startswith('main_selector') * 1000 +
    ~~~~~~~~~~~~~~~~~~~~~~~~~~~~~~~~~~~~~~~~^
    x[2] == 'json_ld' * 800 +
    ~~~~
TypeError: unsupported operand type(s) for +: 'int' and 'str'
2025-07-29 16:41:29,213 - INFO - 🔍 Scraping: https://www.livemint.com/companies/news/prologis-500-million-india-investment-warehousing-investment-logistics-real-estate-industrial-parks-land-acquisition-11742326700606.html
2025-07-29 16:41:45,459 - ERROR - 🚨 Complete failure for https://www.livemint.com/companies/news/prologis-500-million-india-investment-warehousing-investment-logistics-real-estate-industrial-parks-land-acquisition-11742326700606.html: unsupported operand type(s) for +: 'int' and 'str'
Traceback (most recent call last):
  File "C:\Users\aakas\Documents\GitHub\news_scraper_new\WEB_SCRAPPING\GNW.py", line 718, in scrape_article
    content = extract_content(soup)
  File "C:\Users\aakas\Documents\GitHub\news_scraper_new\WEB_SCRAPPING\GNW.py", line 489, in extract_content
    content_candidates.sort(key=lambda x: (
    ~~~~~~~~~~~~~~~~~~~~~~~^^^^^^^^^^^^^^^^
        x[2].startswith('main_selector') * 1000 +
        ^^^^^^^^^^^^^^^^^^^^^^^^^^^^^^^^^^^^^^^^^
        x[2] == 'json_ld' * 800 +
        ^^^^^^^^^^^^^^^^^^^^^^^^^
        x[0]
        ^^^^
    ), reverse=True)
    ^^^^^^^^^^^^^^^^
  File "C:\Users\aakas\Documents\GitHub\news_scraper_new\WEB_SCRAPPING\GNW.py", line 490, in <lambda>
    x[2].startswith('main_selector') * 1000 +
    ~~~~~~~~~~~~~~~~~~~~~~~~~~~~~~~~~~~~~~~~^
    x[2] == 'json_ld' * 800 +
    ~~~~
TypeError: unsupported operand type(s) for +: 'int' and 'str'
2025-07-29 16:41:45,472 - INFO - Saved 2 articles for source 'LiveMint' to data\LiveMint.json
2025-07-29 16:41:45,475 - INFO - Saved 2 articles for source 'Manufacturing_Economictimes' to data\Manufacturing_Economictimes.json
2025-07-29 16:41:45,478 - INFO - Saved 3 articles for source 'Economic_Times' to data\Economic_Times.json
2025-07-29 16:41:45,482 - INFO - Saved 1 articles for source 'Business_Standard' to data\Business_Standard.json
2025-07-29 16:41:45,487 - INFO - Saved 1 articles for source 'Hindustan_Times' to data\Hindustan_Times.json
2025-07-29 16:41:45,490 - INFO - Saved 1 articles for source 'MoneyControl' to data\MoneyControl.json
2025-07-29 16:44:50,279 - INFO - Starting RSS ingestion...
2025-07-29 16:44:50,279 - INFO - Sending request to https://www.prnewswire.com/rss/heavy-industry-manufacturing-latest-news/heavy-industry-manufacturing-latest-news-list.rss
2025-07-29 16:44:52,069 - INFO - Received response with status code 200 for https://www.prnewswire.com/rss/heavy-industry-manufacturing-latest-news/heavy-industry-manufacturing-latest-news-list.rss
2025-07-29 16:44:52,112 - INFO - Sending request to https://manufacturing.economictimes.indiatimes.com/rss/industry
2025-07-29 16:44:52,196 - INFO - Received response with status code 200 for https://manufacturing.economictimes.indiatimes.com/rss/industry
2025-07-29 16:44:55,482 - INFO - Starting ultra-enhanced news scraping with 100% extraction target...
2025-07-29 16:44:55,482 - INFO - Loaded 10 unique URLs to process
2025-07-29 16:44:55,482 - INFO - 🔍 Scraping: https://www.livemint.com/industry/infrastructure/india-warehousing-private-equity-investment-returns-grade-a-warehouses-invit-real-estate-logistics-e-commerce-exits-ipos-11749358741608.html
2025-07-29 16:45:12,524 - ERROR - 🚨 Complete failure for https://www.livemint.com/industry/infrastructure/india-warehousing-private-equity-investment-returns-grade-a-warehouses-invit-real-estate-logistics-e-commerce-exits-ipos-11749358741608.html: unsupported operand type(s) for +: 'int' and 'str'
Traceback (most recent call last):
  File "C:\Users\aakas\Documents\GitHub\news_scraper_new\WEB_SCRAPPING\GNW.py", line 718, in scrape_article
    content = extract_content(soup)
  File "C:\Users\aakas\Documents\GitHub\news_scraper_new\WEB_SCRAPPING\GNW.py", line 489, in extract_content
    content_candidates.sort(key=lambda x: (
    ~~~~~~~~~~~~~~~~~~~~~~~^^^^^^^^^^^^^^^^
        x[2].startswith('main_selector') * 1000 +
        ^^^^^^^^^^^^^^^^^^^^^^^^^^^^^^^^^^^^^^^^^
        x[2] == 'json_ld' * 800 +
        ^^^^^^^^^^^^^^^^^^^^^^^^^
        x[0]
        ^^^^
    ), reverse=True)
    ^^^^^^^^^^^^^^^^
  File "C:\Users\aakas\Documents\GitHub\news_scraper_new\WEB_SCRAPPING\GNW.py", line 490, in <lambda>
    x[2].startswith('main_selector') * 1000 +
    ~~~~~~~~~~~~~~~~~~~~~~~~~~~~~~~~~~~~~~~~^
    x[2] == 'json_ld' * 800 +
    ~~~~
TypeError: unsupported operand type(s) for +: 'int' and 'str'
2025-07-29 16:45:12,525 - INFO - 🔍 Scraping: https://manufacturing.economictimes.indiatimes.com/news/industry/indias-warehousing-and-logistics-sector-witnesses-203-investment-surge-in-2024/119244891
2025-07-29 16:45:28,880 - ERROR - 🚨 Complete failure for https://manufacturing.economictimes.indiatimes.com/news/industry/indias-warehousing-and-logistics-sector-witnesses-203-investment-surge-in-2024/119244891: unsupported operand type(s) for +: 'int' and 'str'
Traceback (most recent call last):
  File "C:\Users\aakas\Documents\GitHub\news_scraper_new\WEB_SCRAPPING\GNW.py", line 718, in scrape_article
    content = extract_content(soup)
  File "C:\Users\aakas\Documents\GitHub\news_scraper_new\WEB_SCRAPPING\GNW.py", line 489, in extract_content
    content_candidates.sort(key=lambda x: (
    ~~~~~~~~~~~~~~~~~~~~~~~^^^^^^^^^^^^^^^^
        x[2].startswith('main_selector') * 1000 +
        ^^^^^^^^^^^^^^^^^^^^^^^^^^^^^^^^^^^^^^^^^
        x[2] == 'json_ld' * 800 +
        ^^^^^^^^^^^^^^^^^^^^^^^^^
        x[0]
        ^^^^
    ), reverse=True)
    ^^^^^^^^^^^^^^^^
  File "C:\Users\aakas\Documents\GitHub\news_scraper_new\WEB_SCRAPPING\GNW.py", line 490, in <lambda>
    x[2].startswith('main_selector') * 1000 +
    ~~~~~~~~~~~~~~~~~~~~~~~~~~~~~~~~~~~~~~~~^
    x[2] == 'json_ld' * 800 +
    ~~~~
TypeError: unsupported operand type(s) for +: 'int' and 'str'
2025-07-29 16:45:28,881 - INFO - 🔍 Scraping: https://economictimes.indiatimes.com/industry/services/property-/-cstruction/indias-warehousing-sector-goes-green-as-mncs-demand-sustainable-logistics-spaces/articleshow/122591877.cms
2025-07-29 16:45:49,742 - ERROR - 🚨 Complete failure for https://economictimes.indiatimes.com/industry/services/property-/-cstruction/indias-warehousing-sector-goes-green-as-mncs-demand-sustainable-logistics-spaces/articleshow/122591877.cms: unsupported operand type(s) for +: 'int' and 'str'
Traceback (most recent call last):
  File "C:\Users\aakas\Documents\GitHub\news_scraper_new\WEB_SCRAPPING\GNW.py", line 718, in scrape_article
    content = extract_content(soup)
  File "C:\Users\aakas\Documents\GitHub\news_scraper_new\WEB_SCRAPPING\GNW.py", line 489, in extract_content
    content_candidates.sort(key=lambda x: (
    ~~~~~~~~~~~~~~~~~~~~~~~^^^^^^^^^^^^^^^^
        x[2].startswith('main_selector') * 1000 +
        ^^^^^^^^^^^^^^^^^^^^^^^^^^^^^^^^^^^^^^^^^
        x[2] == 'json_ld' * 800 +
        ^^^^^^^^^^^^^^^^^^^^^^^^^
        x[0]
        ^^^^
    ), reverse=True)
    ^^^^^^^^^^^^^^^^
  File "C:\Users\aakas\Documents\GitHub\news_scraper_new\WEB_SCRAPPING\GNW.py", line 490, in <lambda>
    x[2].startswith('main_selector') * 1000 +
    ~~~~~~~~~~~~~~~~~~~~~~~~~~~~~~~~~~~~~~~~^
    x[2] == 'json_ld' * 800 +
    ~~~~
TypeError: unsupported operand type(s) for +: 'int' and 'str'
2025-07-29 16:45:49,744 - INFO - 🔍 Scraping: https://www.business-standard.com/topic/warehouses-in-india
2025-07-29 16:46:07,468 - ERROR - 🚨 Complete failure for https://www.business-standard.com/topic/warehouses-in-india: unsupported operand type(s) for +: 'int' and 'str'
Traceback (most recent call last):
  File "C:\Users\aakas\Documents\GitHub\news_scraper_new\WEB_SCRAPPING\GNW.py", line 718, in scrape_article
    content = extract_content(soup)
  File "C:\Users\aakas\Documents\GitHub\news_scraper_new\WEB_SCRAPPING\GNW.py", line 489, in extract_content
    content_candidates.sort(key=lambda x: (
    ~~~~~~~~~~~~~~~~~~~~~~~^^^^^^^^^^^^^^^^
        x[2].startswith('main_selector') * 1000 +
        ^^^^^^^^^^^^^^^^^^^^^^^^^^^^^^^^^^^^^^^^^
        x[2] == 'json_ld' * 800 +
        ^^^^^^^^^^^^^^^^^^^^^^^^^
        x[0]
        ^^^^
    ), reverse=True)
    ^^^^^^^^^^^^^^^^
  File "C:\Users\aakas\Documents\GitHub\news_scraper_new\WEB_SCRAPPING\GNW.py", line 490, in <lambda>
    x[2].startswith('main_selector') * 1000 +
    ~~~~~~~~~~~~~~~~~~~~~~~~~~~~~~~~~~~~~~~~^
    x[2] == 'json_ld' * 800 +
    ~~~~
TypeError: unsupported operand type(s) for +: 'int' and 'str'
2025-07-29 16:46:07,470 - INFO - 🔍 Scraping: https://manufacturing.economictimes.indiatimes.com/news/industry/warehousing-demand-in-india-records-12-growth-mumbai-leads-report/118930782
2025-07-29 16:46:23,965 - ERROR - 🚨 Complete failure for https://manufacturing.economictimes.indiatimes.com/news/industry/warehousing-demand-in-india-records-12-growth-mumbai-leads-report/118930782: unsupported operand type(s) for +: 'int' and 'str'
Traceback (most recent call last):
  File "C:\Users\aakas\Documents\GitHub\news_scraper_new\WEB_SCRAPPING\GNW.py", line 718, in scrape_article
    content = extract_content(soup)
  File "C:\Users\aakas\Documents\GitHub\news_scraper_new\WEB_SCRAPPING\GNW.py", line 489, in extract_content
    content_candidates.sort(key=lambda x: (
    ~~~~~~~~~~~~~~~~~~~~~~~^^^^^^^^^^^^^^^^
        x[2].startswith('main_selector') * 1000 +
        ^^^^^^^^^^^^^^^^^^^^^^^^^^^^^^^^^^^^^^^^^
        x[2] == 'json_ld' * 800 +
        ^^^^^^^^^^^^^^^^^^^^^^^^^
        x[0]
        ^^^^
    ), reverse=True)
    ^^^^^^^^^^^^^^^^
  File "C:\Users\aakas\Documents\GitHub\news_scraper_new\WEB_SCRAPPING\GNW.py", line 490, in <lambda>
    x[2].startswith('main_selector') * 1000 +
    ~~~~~~~~~~~~~~~~~~~~~~~~~~~~~~~~~~~~~~~~^
    x[2] == 'json_ld' * 800 +
    ~~~~
TypeError: unsupported operand type(s) for +: 'int' and 'str'
2025-07-29 16:46:23,967 - INFO - 🔍 Scraping: https://economictimes.indiatimes.com/industry/services/property-/-cstruction/indias-grade-a-warehousing-supply-to-top-300-million-sq-ft-by-2025/articleshow/110963100.cms
2025-07-29 16:46:43,731 - ERROR - 🚨 Complete failure for https://economictimes.indiatimes.com/industry/services/property-/-cstruction/indias-grade-a-warehousing-supply-to-top-300-million-sq-ft-by-2025/articleshow/110963100.cms: unsupported operand type(s) for +: 'int' and 'str'
Traceback (most recent call last):
  File "C:\Users\aakas\Documents\GitHub\news_scraper_new\WEB_SCRAPPING\GNW.py", line 718, in scrape_article
    content = extract_content(soup)
  File "C:\Users\aakas\Documents\GitHub\news_scraper_new\WEB_SCRAPPING\GNW.py", line 489, in extract_content
    content_candidates.sort(key=lambda x: (
    ~~~~~~~~~~~~~~~~~~~~~~~^^^^^^^^^^^^^^^^
        x[2].startswith('main_selector') * 1000 +
        ^^^^^^^^^^^^^^^^^^^^^^^^^^^^^^^^^^^^^^^^^
        x[2] == 'json_ld' * 800 +
        ^^^^^^^^^^^^^^^^^^^^^^^^^
        x[0]
        ^^^^
    ), reverse=True)
    ^^^^^^^^^^^^^^^^
  File "C:\Users\aakas\Documents\GitHub\news_scraper_new\WEB_SCRAPPING\GNW.py", line 490, in <lambda>
    x[2].startswith('main_selector') * 1000 +
    ~~~~~~~~~~~~~~~~~~~~~~~~~~~~~~~~~~~~~~~~^
    x[2] == 'json_ld' * 800 +
    ~~~~
TypeError: unsupported operand type(s) for +: 'int' and 'str'
2025-07-29 16:46:43,732 - INFO - 🔍 Scraping: https://economictimes.indiatimes.com/small-biz/sme-sector/warehousing-helping-lower-indias-high-logistics-costs-100000-warehouses-for-post-harvest-losses-wrdas-anita-praveen/articleshow/121294646.cms
2025-07-29 16:47:02,660 - ERROR - 🚨 Complete failure for https://economictimes.indiatimes.com/small-biz/sme-sector/warehousing-helping-lower-indias-high-logistics-costs-100000-warehouses-for-post-harvest-losses-wrdas-anita-praveen/articleshow/121294646.cms: unsupported operand type(s) for +: 'int' and 'str'
Traceback (most recent call last):
  File "C:\Users\aakas\Documents\GitHub\news_scraper_new\WEB_SCRAPPING\GNW.py", line 718, in scrape_article
    content = extract_content(soup)
  File "C:\Users\aakas\Documents\GitHub\news_scraper_new\WEB_SCRAPPING\GNW.py", line 489, in extract_content
    content_candidates.sort(key=lambda x: (
    ~~~~~~~~~~~~~~~~~~~~~~~^^^^^^^^^^^^^^^^
        x[2].startswith('main_selector') * 1000 +
        ^^^^^^^^^^^^^^^^^^^^^^^^^^^^^^^^^^^^^^^^^
        x[2] == 'json_ld' * 800 +
        ^^^^^^^^^^^^^^^^^^^^^^^^^
        x[0]
        ^^^^
    ), reverse=True)
    ^^^^^^^^^^^^^^^^
  File "C:\Users\aakas\Documents\GitHub\news_scraper_new\WEB_SCRAPPING\GNW.py", line 490, in <lambda>
    x[2].startswith('main_selector') * 1000 +
    ~~~~~~~~~~~~~~~~~~~~~~~~~~~~~~~~~~~~~~~~^
    x[2] == 'json_ld' * 800 +
    ~~~~
TypeError: unsupported operand type(s) for +: 'int' and 'str'
2025-07-29 16:47:02,662 - INFO - 🔍 Scraping: https://www.hindustantimes.com/real-estate/grade-a-warehousing-in-india-to-cross-300-million-square-feet-by-2025-report-101718374852126.html
2025-07-29 16:47:18,940 - ERROR - 🚨 Complete failure for https://www.hindustantimes.com/real-estate/grade-a-warehousing-in-india-to-cross-300-million-square-feet-by-2025-report-101718374852126.html: unsupported operand type(s) for +: 'int' and 'str'
Traceback (most recent call last):
  File "C:\Users\aakas\Documents\GitHub\news_scraper_new\WEB_SCRAPPING\GNW.py", line 718, in scrape_article
    content = extract_content(soup)
  File "C:\Users\aakas\Documents\GitHub\news_scraper_new\WEB_SCRAPPING\GNW.py", line 489, in extract_content
    content_candidates.sort(key=lambda x: (
    ~~~~~~~~~~~~~~~~~~~~~~~^^^^^^^^^^^^^^^^
        x[2].startswith('main_selector') * 1000 +
        ^^^^^^^^^^^^^^^^^^^^^^^^^^^^^^^^^^^^^^^^^
        x[2] == 'json_ld' * 800 +
        ^^^^^^^^^^^^^^^^^^^^^^^^^
        x[0]
        ^^^^
    ), reverse=True)
    ^^^^^^^^^^^^^^^^
  File "C:\Users\aakas\Documents\GitHub\news_scraper_new\WEB_SCRAPPING\GNW.py", line 490, in <lambda>
    x[2].startswith('main_selector') * 1000 +
    ~~~~~~~~~~~~~~~~~~~~~~~~~~~~~~~~~~~~~~~~^
    x[2] == 'json_ld' * 800 +
    ~~~~
TypeError: unsupported operand type(s) for +: 'int' and 'str'
2025-07-29 16:47:18,942 - INFO - 🔍 Scraping: https://www.moneycontrol.com/news/business/real-estate/mumbai-leads-india-s-warehousing-growth-as-country-sees-record-44-9-msf-absorption-in-2024-12990715.html
2025-07-29 16:47:40,444 - ERROR - 🚨 Complete failure for https://www.moneycontrol.com/news/business/real-estate/mumbai-leads-india-s-warehousing-growth-as-country-sees-record-44-9-msf-absorption-in-2024-12990715.html: unsupported operand type(s) for +: 'int' and 'str'
Traceback (most recent call last):
  File "C:\Users\aakas\Documents\GitHub\news_scraper_new\WEB_SCRAPPING\GNW.py", line 718, in scrape_article
    content = extract_content(soup)
  File "C:\Users\aakas\Documents\GitHub\news_scraper_new\WEB_SCRAPPING\GNW.py", line 489, in extract_content
    content_candidates.sort(key=lambda x: (
    ~~~~~~~~~~~~~~~~~~~~~~~^^^^^^^^^^^^^^^^
        x[2].startswith('main_selector') * 1000 +
        ^^^^^^^^^^^^^^^^^^^^^^^^^^^^^^^^^^^^^^^^^
        x[2] == 'json_ld' * 800 +
        ^^^^^^^^^^^^^^^^^^^^^^^^^
        x[0]
        ^^^^
    ), reverse=True)
    ^^^^^^^^^^^^^^^^
  File "C:\Users\aakas\Documents\GitHub\news_scraper_new\WEB_SCRAPPING\GNW.py", line 490, in <lambda>
    x[2].startswith('main_selector') * 1000 +
    ~~~~~~~~~~~~~~~~~~~~~~~~~~~~~~~~~~~~~~~~^
    x[2] == 'json_ld' * 800 +
    ~~~~
TypeError: unsupported operand type(s) for +: 'int' and 'str'
2025-07-29 16:47:40,445 - INFO - 🔍 Scraping: https://www.livemint.com/companies/news/prologis-500-million-india-investment-warehousing-investment-logistics-real-estate-industrial-parks-land-acquisition-11742326700606.html
2025-07-29 16:47:56,936 - ERROR - 🚨 Complete failure for https://www.livemint.com/companies/news/prologis-500-million-india-investment-warehousing-investment-logistics-real-estate-industrial-parks-land-acquisition-11742326700606.html: unsupported operand type(s) for +: 'int' and 'str'
Traceback (most recent call last):
  File "C:\Users\aakas\Documents\GitHub\news_scraper_new\WEB_SCRAPPING\GNW.py", line 718, in scrape_article
    content = extract_content(soup)
  File "C:\Users\aakas\Documents\GitHub\news_scraper_new\WEB_SCRAPPING\GNW.py", line 489, in extract_content
    content_candidates.sort(key=lambda x: (
    ~~~~~~~~~~~~~~~~~~~~~~~^^^^^^^^^^^^^^^^
        x[2].startswith('main_selector') * 1000 +
        ^^^^^^^^^^^^^^^^^^^^^^^^^^^^^^^^^^^^^^^^^
        x[2] == 'json_ld' * 800 +
        ^^^^^^^^^^^^^^^^^^^^^^^^^
        x[0]
        ^^^^
    ), reverse=True)
    ^^^^^^^^^^^^^^^^
  File "C:\Users\aakas\Documents\GitHub\news_scraper_new\WEB_SCRAPPING\GNW.py", line 490, in <lambda>
    x[2].startswith('main_selector') * 1000 +
    ~~~~~~~~~~~~~~~~~~~~~~~~~~~~~~~~~~~~~~~~^
    x[2] == 'json_ld' * 800 +
    ~~~~
TypeError: unsupported operand type(s) for +: 'int' and 'str'
2025-07-29 16:47:56,953 - INFO - Saved 2 articles for source 'LiveMint' to data\LiveMint.json
2025-07-29 16:47:56,964 - INFO - Saved 2 articles for source 'Manufacturing_Economictimes' to data\Manufacturing_Economictimes.json
2025-07-29 16:47:56,973 - INFO - Saved 3 articles for source 'Economic_Times' to data\Economic_Times.json
2025-07-29 16:47:56,983 - INFO - Saved 1 articles for source 'Business_Standard' to data\Business_Standard.json
2025-07-29 16:47:56,995 - INFO - Saved 1 articles for source 'Hindustan_Times' to data\Hindustan_Times.json
2025-07-29 16:47:57,005 - INFO - Saved 1 articles for source 'MoneyControl' to data\MoneyControl.json
2025-07-29 16:53:12,166 - INFO - Starting RSS ingestion...
2025-07-29 16:53:12,167 - INFO - Sending request to https://www.prnewswire.com/rss/heavy-industry-manufacturing-latest-news/heavy-industry-manufacturing-latest-news-list.rss
2025-07-29 16:53:14,868 - INFO - Received response with status code 200 for https://www.prnewswire.com/rss/heavy-industry-manufacturing-latest-news/heavy-industry-manufacturing-latest-news-list.rss
2025-07-29 16:53:14,906 - INFO - Sending request to https://manufacturing.economictimes.indiatimes.com/rss/industry
2025-07-29 16:53:14,961 - INFO - Received response with status code 200 for https://manufacturing.economictimes.indiatimes.com/rss/industry
2025-07-29 16:53:18,258 - INFO - Starting ultra-enhanced news scraping with 100% extraction target...
2025-07-29 16:53:18,259 - INFO - Loaded 10 unique URLs to process
2025-07-29 16:53:18,259 - INFO - 🔍 Scraping: https://timesofindia.indiatimes.com/auto
2025-07-29 16:53:35,571 - ERROR - 🚨 Complete failure for https://timesofindia.indiatimes.com/auto: unsupported operand type(s) for +: 'int' and 'str'
Traceback (most recent call last):
  File "C:\Users\aakas\Documents\GitHub\news_scraper_new\WEB_SCRAPPING\GNW.py", line 718, in scrape_article
    content = extract_content(soup)
  File "C:\Users\aakas\Documents\GitHub\news_scraper_new\WEB_SCRAPPING\GNW.py", line 489, in extract_content
    content_candidates.sort(key=lambda x: (
    ~~~~~~~~~~~~~~~~~~~~~~~^^^^^^^^^^^^^^^^
        x[2].startswith('main_selector') * 1000 +
        ^^^^^^^^^^^^^^^^^^^^^^^^^^^^^^^^^^^^^^^^^
        x[2] == 'json_ld' * 800 +
        ^^^^^^^^^^^^^^^^^^^^^^^^^
        x[0]
        ^^^^
    ), reverse=True)
    ^^^^^^^^^^^^^^^^
  File "C:\Users\aakas\Documents\GitHub\news_scraper_new\WEB_SCRAPPING\GNW.py", line 490, in <lambda>
    x[2].startswith('main_selector') * 1000 +
    ~~~~~~~~~~~~~~~~~~~~~~~~~~~~~~~~~~~~~~~~^
    x[2] == 'json_ld' * 800 +
    ~~~~
TypeError: unsupported operand type(s) for +: 'int' and 'str'
2025-07-29 16:53:35,572 - INFO - 🔍 Scraping: https://indianexpress.com/article/trending/top-10-listing/top-10-best-selling-cars-in-india-9885139/
2025-07-29 16:53:54,364 - ERROR - 🚨 Complete failure for https://indianexpress.com/article/trending/top-10-listing/top-10-best-selling-cars-in-india-9885139/: unsupported operand type(s) for +: 'int' and 'str'
Traceback (most recent call last):
  File "C:\Users\aakas\Documents\GitHub\news_scraper_new\WEB_SCRAPPING\GNW.py", line 718, in scrape_article
    content = extract_content(soup)
  File "C:\Users\aakas\Documents\GitHub\news_scraper_new\WEB_SCRAPPING\GNW.py", line 489, in extract_content
    content_candidates.sort(key=lambda x: (
    ~~~~~~~~~~~~~~~~~~~~~~~^^^^^^^^^^^^^^^^
        x[2].startswith('main_selector') * 1000 +
        ^^^^^^^^^^^^^^^^^^^^^^^^^^^^^^^^^^^^^^^^^
        x[2] == 'json_ld' * 800 +
        ^^^^^^^^^^^^^^^^^^^^^^^^^
        x[0]
        ^^^^
    ), reverse=True)
    ^^^^^^^^^^^^^^^^
  File "C:\Users\aakas\Documents\GitHub\news_scraper_new\WEB_SCRAPPING\GNW.py", line 490, in <lambda>
    x[2].startswith('main_selector') * 1000 +
    ~~~~~~~~~~~~~~~~~~~~~~~~~~~~~~~~~~~~~~~~^
    x[2] == 'json_ld' * 800 +
    ~~~~
TypeError: unsupported operand type(s) for +: 'int' and 'str'
2025-07-29 16:53:54,365 - INFO - 🔍 Scraping: https://www.indiatoday.in/visualstories/auto/9-cars-that-transformed-indian-automobile-industry-251797-27-07-2025
2025-07-29 16:54:10,190 - ERROR - 🚨 Complete failure for https://www.indiatoday.in/visualstories/auto/9-cars-that-transformed-indian-automobile-industry-251797-27-07-2025: unsupported operand type(s) for +: 'int' and 'str'
Traceback (most recent call last):
  File "C:\Users\aakas\Documents\GitHub\news_scraper_new\WEB_SCRAPPING\GNW.py", line 718, in scrape_article
    content = extract_content(soup)
  File "C:\Users\aakas\Documents\GitHub\news_scraper_new\WEB_SCRAPPING\GNW.py", line 489, in extract_content
    content_candidates.sort(key=lambda x: (
    ~~~~~~~~~~~~~~~~~~~~~~~^^^^^^^^^^^^^^^^
        x[2].startswith('main_selector') * 1000 +
        ^^^^^^^^^^^^^^^^^^^^^^^^^^^^^^^^^^^^^^^^^
        x[2] == 'json_ld' * 800 +
        ^^^^^^^^^^^^^^^^^^^^^^^^^
        x[0]
        ^^^^
    ), reverse=True)
    ^^^^^^^^^^^^^^^^
  File "C:\Users\aakas\Documents\GitHub\news_scraper_new\WEB_SCRAPPING\GNW.py", line 490, in <lambda>
    x[2].startswith('main_selector') * 1000 +
    ~~~~~~~~~~~~~~~~~~~~~~~~~~~~~~~~~~~~~~~~^
    x[2] == 'json_ld' * 800 +
    ~~~~
TypeError: unsupported operand type(s) for +: 'int' and 'str'
2025-07-29 16:54:10,191 - INFO - 🔍 Scraping: https://timesofindia.indiatimes.com/auto/cars
2025-07-29 16:54:30,307 - ERROR - 🚨 Complete failure for https://timesofindia.indiatimes.com/auto/cars: unsupported operand type(s) for +: 'int' and 'str'
Traceback (most recent call last):
  File "C:\Users\aakas\Documents\GitHub\news_scraper_new\WEB_SCRAPPING\GNW.py", line 718, in scrape_article
    content = extract_content(soup)
  File "C:\Users\aakas\Documents\GitHub\news_scraper_new\WEB_SCRAPPING\GNW.py", line 489, in extract_content
    content_candidates.sort(key=lambda x: (
    ~~~~~~~~~~~~~~~~~~~~~~~^^^^^^^^^^^^^^^^
        x[2].startswith('main_selector') * 1000 +
        ^^^^^^^^^^^^^^^^^^^^^^^^^^^^^^^^^^^^^^^^^
        x[2] == 'json_ld' * 800 +
        ^^^^^^^^^^^^^^^^^^^^^^^^^
        x[0]
        ^^^^
    ), reverse=True)
    ^^^^^^^^^^^^^^^^
  File "C:\Users\aakas\Documents\GitHub\news_scraper_new\WEB_SCRAPPING\GNW.py", line 490, in <lambda>
    x[2].startswith('main_selector') * 1000 +
    ~~~~~~~~~~~~~~~~~~~~~~~~~~~~~~~~~~~~~~~~^
    x[2] == 'json_ld' * 800 +
    ~~~~
TypeError: unsupported operand type(s) for +: 'int' and 'str'
2025-07-29 16:54:30,308 - INFO - 🔍 Scraping: https://economictimes.indiatimes.com/industry/auto/cars-uvs/japan-makes-it-to-top-five-markets-for-india-made-cars/articleshow/121398815.cms
2025-07-29 16:54:48,508 - ERROR - 🚨 Complete failure for https://economictimes.indiatimes.com/industry/auto/cars-uvs/japan-makes-it-to-top-five-markets-for-india-made-cars/articleshow/121398815.cms: unsupported operand type(s) for +: 'int' and 'str'
Traceback (most recent call last):
  File "C:\Users\aakas\Documents\GitHub\news_scraper_new\WEB_SCRAPPING\GNW.py", line 718, in scrape_article
    content = extract_content(soup)
  File "C:\Users\aakas\Documents\GitHub\news_scraper_new\WEB_SCRAPPING\GNW.py", line 489, in extract_content
    content_candidates.sort(key=lambda x: (
    ~~~~~~~~~~~~~~~~~~~~~~~^^^^^^^^^^^^^^^^
        x[2].startswith('main_selector') * 1000 +
        ^^^^^^^^^^^^^^^^^^^^^^^^^^^^^^^^^^^^^^^^^
        x[2] == 'json_ld' * 800 +
        ^^^^^^^^^^^^^^^^^^^^^^^^^
        x[0]
        ^^^^
    ), reverse=True)
    ^^^^^^^^^^^^^^^^
  File "C:\Users\aakas\Documents\GitHub\news_scraper_new\WEB_SCRAPPING\GNW.py", line 490, in <lambda>
    x[2].startswith('main_selector') * 1000 +
    ~~~~~~~~~~~~~~~~~~~~~~~~~~~~~~~~~~~~~~~~^
    x[2] == 'json_ld' * 800 +
    ~~~~
TypeError: unsupported operand type(s) for +: 'int' and 'str'
2025-07-29 16:54:48,509 - INFO - 🔍 Scraping: https://timesofindia.indiatimes.com/auto/cars/cars-and-suvs-that-are-going-to-get-expensive-from-tomorrow-maruti-audi-mercedes-and-more/articleshow/116821872.cms
2025-07-29 16:55:04,909 - ERROR - 🚨 Complete failure for https://timesofindia.indiatimes.com/auto/cars/cars-and-suvs-that-are-going-to-get-expensive-from-tomorrow-maruti-audi-mercedes-and-more/articleshow/116821872.cms: unsupported operand type(s) for +: 'int' and 'str'
Traceback (most recent call last):
  File "C:\Users\aakas\Documents\GitHub\news_scraper_new\WEB_SCRAPPING\GNW.py", line 718, in scrape_article
    content = extract_content(soup)
  File "C:\Users\aakas\Documents\GitHub\news_scraper_new\WEB_SCRAPPING\GNW.py", line 489, in extract_content
    content_candidates.sort(key=lambda x: (
    ~~~~~~~~~~~~~~~~~~~~~~~^^^^^^^^^^^^^^^^
        x[2].startswith('main_selector') * 1000 +
        ^^^^^^^^^^^^^^^^^^^^^^^^^^^^^^^^^^^^^^^^^
        x[2] == 'json_ld' * 800 +
        ^^^^^^^^^^^^^^^^^^^^^^^^^
        x[0]
        ^^^^
    ), reverse=True)
    ^^^^^^^^^^^^^^^^
  File "C:\Users\aakas\Documents\GitHub\news_scraper_new\WEB_SCRAPPING\GNW.py", line 490, in <lambda>
    x[2].startswith('main_selector') * 1000 +
    ~~~~~~~~~~~~~~~~~~~~~~~~~~~~~~~~~~~~~~~~^
    x[2] == 'json_ld' * 800 +
    ~~~~
TypeError: unsupported operand type(s) for +: 'int' and 'str'
2025-07-29 16:55:04,910 - INFO - 🔍 Scraping: https://indianexpress.com/article/business/india-uk-fta-aston-martin-mini-cooper-cheaper-40-india-10149607/
2025-07-29 16:55:15,433 - ERROR - 🚨 Complete failure for https://indianexpress.com/article/business/india-uk-fta-aston-martin-mini-cooper-cheaper-40-india-10149607/: unsupported operand type(s) for +: 'int' and 'str'
Traceback (most recent call last):
  File "C:\Users\aakas\Documents\GitHub\news_scraper_new\WEB_SCRAPPING\GNW.py", line 718, in scrape_article
    content = extract_content(soup)
  File "C:\Users\aakas\Documents\GitHub\news_scraper_new\WEB_SCRAPPING\GNW.py", line 489, in extract_content
    content_candidates.sort(key=lambda x: (
    ~~~~~~~~~~~~~~~~~~~~~~~^^^^^^^^^^^^^^^^
        x[2].startswith('main_selector') * 1000 +
        ^^^^^^^^^^^^^^^^^^^^^^^^^^^^^^^^^^^^^^^^^
        x[2] == 'json_ld' * 800 +
        ^^^^^^^^^^^^^^^^^^^^^^^^^
        x[0]
        ^^^^
    ), reverse=True)
    ^^^^^^^^^^^^^^^^
  File "C:\Users\aakas\Documents\GitHub\news_scraper_new\WEB_SCRAPPING\GNW.py", line 490, in <lambda>
    x[2].startswith('main_selector') * 1000 +
    ~~~~~~~~~~~~~~~~~~~~~~~~~~~~~~~~~~~~~~~~^
    x[2] == 'json_ld' * 800 +
    ~~~~
TypeError: unsupported operand type(s) for +: 'int' and 'str'
2025-07-29 16:55:15,435 - INFO - 🔍 Scraping: https://www.indiatoday.in/magazine/the-big-story/story/20250623-small-cars-big-losses-2740277-2025-06-13
2025-07-29 16:55:31,791 - ERROR - 🚨 Complete failure for https://www.indiatoday.in/magazine/the-big-story/story/20250623-small-cars-big-losses-2740277-2025-06-13: unsupported operand type(s) for +: 'int' and 'str'
Traceback (most recent call last):
  File "C:\Users\aakas\Documents\GitHub\news_scraper_new\WEB_SCRAPPING\GNW.py", line 718, in scrape_article
    content = extract_content(soup)
  File "C:\Users\aakas\Documents\GitHub\news_scraper_new\WEB_SCRAPPING\GNW.py", line 489, in extract_content
    content_candidates.sort(key=lambda x: (
    ~~~~~~~~~~~~~~~~~~~~~~~^^^^^^^^^^^^^^^^
        x[2].startswith('main_selector') * 1000 +
        ^^^^^^^^^^^^^^^^^^^^^^^^^^^^^^^^^^^^^^^^^
        x[2] == 'json_ld' * 800 +
        ^^^^^^^^^^^^^^^^^^^^^^^^^
        x[0]
        ^^^^
    ), reverse=True)
    ^^^^^^^^^^^^^^^^
  File "C:\Users\aakas\Documents\GitHub\news_scraper_new\WEB_SCRAPPING\GNW.py", line 490, in <lambda>
    x[2].startswith('main_selector') * 1000 +
    ~~~~~~~~~~~~~~~~~~~~~~~~~~~~~~~~~~~~~~~~^
    x[2] == 'json_ld' * 800 +
    ~~~~
TypeError: unsupported operand type(s) for +: 'int' and 'str'
2025-07-29 16:55:31,792 - INFO - 🔍 Scraping: https://www.hindustantimes.com/car-bike/maruti-suzuki-to-kia-buying-cars-in-india-to-be-even-costlier-affair-from-this-month-heres-how-much-you-need-to-spend-101742368330589.html
2025-07-29 16:55:48,360 - ERROR - 🚨 Complete failure for https://www.hindustantimes.com/car-bike/maruti-suzuki-to-kia-buying-cars-in-india-to-be-even-costlier-affair-from-this-month-heres-how-much-you-need-to-spend-101742368330589.html: unsupported operand type(s) for +: 'int' and 'str'
Traceback (most recent call last):
  File "C:\Users\aakas\Documents\GitHub\news_scraper_new\WEB_SCRAPPING\GNW.py", line 718, in scrape_article
    content = extract_content(soup)
  File "C:\Users\aakas\Documents\GitHub\news_scraper_new\WEB_SCRAPPING\GNW.py", line 489, in extract_content
    content_candidates.sort(key=lambda x: (
    ~~~~~~~~~~~~~~~~~~~~~~~^^^^^^^^^^^^^^^^
        x[2].startswith('main_selector') * 1000 +
        ^^^^^^^^^^^^^^^^^^^^^^^^^^^^^^^^^^^^^^^^^
        x[2] == 'json_ld' * 800 +
        ^^^^^^^^^^^^^^^^^^^^^^^^^
        x[0]
        ^^^^
    ), reverse=True)
    ^^^^^^^^^^^^^^^^
  File "C:\Users\aakas\Documents\GitHub\news_scraper_new\WEB_SCRAPPING\GNW.py", line 490, in <lambda>
    x[2].startswith('main_selector') * 1000 +
    ~~~~~~~~~~~~~~~~~~~~~~~~~~~~~~~~~~~~~~~~^
    x[2] == 'json_ld' * 800 +
    ~~~~
TypeError: unsupported operand type(s) for +: 'int' and 'str'
2025-07-29 16:55:48,361 - INFO - 🔍 Scraping: https://economictimes.indiatimes.com/industry/auto/cars-uvs/best-family-cars-in-india-under-rs-10-lakh-budget/maruti-suzuki-baleno/slideshow/111888291.cms
2025-07-29 16:56:08,902 - ERROR - 🚨 Complete failure for https://economictimes.indiatimes.com/industry/auto/cars-uvs/best-family-cars-in-india-under-rs-10-lakh-budget/maruti-suzuki-baleno/slideshow/111888291.cms: unsupported operand type(s) for +: 'int' and 'str'
Traceback (most recent call last):
  File "C:\Users\aakas\Documents\GitHub\news_scraper_new\WEB_SCRAPPING\GNW.py", line 718, in scrape_article
    content = extract_content(soup)
  File "C:\Users\aakas\Documents\GitHub\news_scraper_new\WEB_SCRAPPING\GNW.py", line 489, in extract_content
    content_candidates.sort(key=lambda x: (
    ~~~~~~~~~~~~~~~~~~~~~~~^^^^^^^^^^^^^^^^
        x[2].startswith('main_selector') * 1000 +
        ^^^^^^^^^^^^^^^^^^^^^^^^^^^^^^^^^^^^^^^^^
        x[2] == 'json_ld' * 800 +
        ^^^^^^^^^^^^^^^^^^^^^^^^^
        x[0]
        ^^^^
    ), reverse=True)
    ^^^^^^^^^^^^^^^^
  File "C:\Users\aakas\Documents\GitHub\news_scraper_new\WEB_SCRAPPING\GNW.py", line 490, in <lambda>
    x[2].startswith('main_selector') * 1000 +
    ~~~~~~~~~~~~~~~~~~~~~~~~~~~~~~~~~~~~~~~~^
    x[2] == 'json_ld' * 800 +
    ~~~~
TypeError: unsupported operand type(s) for +: 'int' and 'str'
2025-07-29 16:56:08,907 - INFO - Saved 3 articles for source 'Times_of_India' to data\Times_of_India.json
2025-07-29 16:56:08,910 - INFO - Saved 2 articles for source 'Indian_Express' to data\Indian_Express.json
2025-07-29 16:56:08,914 - INFO - Saved 2 articles for source 'India_Today' to data\India_Today.json
2025-07-29 16:56:08,920 - INFO - Saved 2 articles for source 'Economic_Times' to data\Economic_Times.json
2025-07-29 16:56:08,923 - INFO - Saved 1 articles for source 'Hindustan_Times' to data\Hindustan_Times.json
